ALERT SENT: 🟢 LONG机会 | ETH $$2173.05 回到支撑区 (2150, 2200)
ALERT SENT: 🟢 LONG机会 | ETH $$2166.77 回到支撑区 (2150, 2200)
ALERT SENT: 🟢 LONG机会 | ETH $$2163.29 回到支撑区 (2150, 2200)
ALERT SENT: 🟢 LONG机会 | ETH $$2169.01 回到支撑区 (2150, 2200)
ALERT SENT: 🟢 LONG机会 | ETH $$2161.33 回到支撑区 (2150, 2200)
ALERT SENT: 🟢 LONG机会 | ETH $$2169.98 回到支撑区 (2150, 2200)
ALERT SENT: 🟢 LONG机会 | ETH $$2171.79 回到支撑区 (2150, 2200)
ALERT SENT: 🟢 LONG机会 | ETH $$2160.21 回到支撑区 (2150, 2200)
ALERT SENT: 🟢 LONG机会 | ETH $$2165.72 回到支撑区 (2150, 2200)
ALERT SENT: 🟢 LONG机会 | ETH $$2163.0 回到支撑区 (2150, 2200)
ALERT SENT: 🟢 LONG机会 | ETH $$2162.99 回到支撑区 (2150, 2200)
ALERT SENT: 🟢 LONG机会 | ETH $$2163.06 回到支撑区 (2150, 2200)
ALERT SENT: 🟢 LONG机会 | ETH $$2173.7 回到支撑区 (2150, 2200)
ALERT SENT: 🟢 LONG机会 | ETH $$2172.42 回到支撑区 (2150, 2200)
ALERT SENT: 🟢 LONG机会 | ETH $$2168.14 回到支撑区 (2150, 2200)
ALERT SENT: 🟢 LONG机会 | ETH $$2164.84 回到支撑区 (2150, 2200)
ALERT SENT: 🟢 LONG机会 | ETH $$2165.56 回到支撑区 (2150, 2200)
ALERT SENT: 🟢 LONG机会 | ETH $$2165.37 回到支撑区 (2150, 2200)
ALERT SENT: 🟢 LONG机会 | ETH $$2164.01 回到支撑区 (2150, 2200)
ALERT SENT: 🟢 LONG机会 | ETH $$2153.0 回到支撑区 (2150, 2200)
[Thu Mar 26 11:00:02 AM CST 2026] 无触发信号
[Thu Mar 26 11:30:01 AM CST 2026] 无触发信号
ALERT SENT: 🟢 LONG机会 | ETH $$2152.29 回到支撑区 (2150, 2200)
ALERT SENT: 🟢 LONG机会 | ETH $$2151.75 回到支撑区 (2150, 2200)
[Thu Mar 26 01:00:02 PM CST 2026] 无触发信号
[Thu Mar 26 01:30:02 PM CST 2026] 无触发信号
[Thu Mar 26 02:00:02 PM CST 2026] 无触发信号
ALERT SENT: 🟢 LONG机会 | BTC $$70050.0 回到支撑区 (70000, 70500)
ALERT SENT: 🟢 LONG机会 | BTC $$70076.9 回到支撑区 (70000, 70500)
[Thu Mar 26 03:30:02 PM CST 2026] 无触发信号
ALERT SENT: 🟢 LONG机会 | BTC $$70060.5 回到支撑区 (70000, 70500)
[Thu Mar 26 04:30:01 PM CST 2026] 无触发信号
[Thu Mar 26 05:00:02 PM CST 2026] 无触发信号
[Thu Mar 26 05:30:02 PM CST 2026] 无触发信号
[Thu Mar 26 06:00:01 PM CST 2026] 无触发信号
[Thu Mar 26 06:30:02 PM CST 2026] 无触发信号
[Thu Mar 26 07:00:02 PM CST 2026] 无触发信号
[Thu Mar 26 07:30:01 PM CST 2026] 无触发信号
[Thu Mar 26 08:00:02 PM CST 2026] 无触发信号
[Thu Mar 26 08:30:02 PM CST 2026] 无触发信号
[Thu Mar 26 09:00:02 PM CST 2026] 无触发信号
[Thu Mar 26 09:30:02 PM CST 2026] 无触发信号
[Thu Mar 26 10:00:02 PM CST 2026] 无触发信号
[Thu Mar 26 10:30:02 PM CST 2026] 无触发信号
[Thu Mar 26 11:00:02 PM CST 2026] 无触发信号
[Thu Mar 26 11:30:02 PM CST 2026] 无触发信号
[Fri Mar 27 12:00:02 AM CST 2026] 无触发信号
[Fri Mar 27 12:30:02 AM CST 2026] 无触发信号
[Fri Mar 27 01:00:01 AM CST 2026] 无触发信号
[Fri Mar 27 01:30:02 AM CST 2026] 无触发信号
[Fri Mar 27 02:00:02 AM CST 2026] 无触发信号
[Fri Mar 27 02:30:01 AM CST 2026] 无触发信号
[Fri Mar 27 03:00:02 AM CST 2026] 无触发信号
[Fri Mar 27 03:30:02 AM CST 2026] 无触发信号
[Fri Mar 27 04:00:02 AM CST 2026] 无触发信号
[Fri Mar 27 04:30:02 AM CST 2026] 无触发信号
[Fri Mar 27 05:00:02 AM CST 2026] 无触发信号
[Fri Mar 27 05:30:02 AM CST 2026] 无触发信号
[Fri Mar 27 06:00:01 AM CST 2026] 无触发信号
[Fri Mar 27 06:30:02 AM CST 2026] 无触发信号
[Fri Mar 27 07:00:02 AM CST 2026] 无触发信号
[Fri Mar 27 07:30:01 AM CST 2026] 无触发信号
[Fri Mar 27 08:00:02 AM CST 2026] 无触发信号
[Fri Mar 27 08:30:02 AM CST 2026] 无触发信号
[Fri Mar 27 09:00:02 AM CST 2026] 无触发信号
[Fri Mar 27 09:30:02 AM CST 2026] 无触发信号
[Fri Mar 27 10:00:02 AM CST 2026] 无触发信号
[Fri Mar 27 10:30:02 AM CST 2026] 无触发信号
[Fri Mar 27 11:00:02 AM CST 2026] 无触发信号
[Fri Mar 27 11:30:02 AM CST 2026] 无触发信号
[Fri Mar 27 12:00:02 PM CST 2026] 无触发信号
[Fri Mar 27 12:30:01 PM CST 2026] 无触发信号
[Fri Mar 27 01:00:02 PM CST 2026] 无触发信号
[Fri Mar 27 01:30:02 PM CST 2026] 无触发信号
[Fri Mar 27 02:00:02 PM CST 2026] 无触发信号
[Fri Mar 27 02:30:02 PM CST 2026] 无触发信号
[Fri Mar 27 03:00:02 PM CST 2026] 无触发信号
[Fri Mar 27 03:30:01 PM CST 2026] 无触发信号
[Fri Mar 27 04:00:02 PM CST 2026] 无触发信号
[Fri Mar 27 04:30:01 PM CST 2026] 无触发信号
[Fri Mar 27 05:00:02 PM CST 2026] 无触发信号
[Fri Mar 27 05:30:02 PM CST 2026] 无触发信号
[Fri Mar 27 06:00:02 PM CST 2026] 无触发信号
[Fri Mar 27 06:30:02 PM CST 2026] 无触发信号
[Fri Mar 27 07:00:02 PM CST 2026] 无触发信号
[Fri Mar 27 07:30:02 PM CST 2026] 无触发信号
[Fri Mar 27 08:00:01 PM CST 2026] 无触发信号
[Fri Mar 27 08:30:02 PM CST 2026] 无触发信号
[Fri Mar 27 09:00:02 PM CST 2026] 无触发信号
[Fri Mar 27 09:30:01 PM CST 2026] 无触发信号
[Fri Mar 27 10:00:02 PM CST 2026] 无触发信号
[Fri Mar 27 10:30:02 PM CST 2026] 无触发信号
[Fri Mar 27 11:00:02 PM CST 2026] 无触发信号
[Fri Mar 27 11:30:02 PM CST 2026] 无触发信号
[Sat Mar 28 12:00:02 AM CST 2026] 无触发信号
[Sat Mar 28 12:30:02 AM CST 2026] 无触发信号
[Sat Mar 28 01:00:02 AM CST 2026] 无触发信号
[Sat Mar 28 01:30:02 AM CST 2026] 无触发信号
[Sat Mar 28 02:00:02 AM CST 2026] 无触发信号
[Sat Mar 28 02:30:02 AM CST 2026] 无触发信号
[Sat Mar 28 03:00:02 AM CST 2026] 无触发信号
[Sat Mar 28 03:30:02 AM CST 2026] 无触发信号
[Sat Mar 28 04:00:02 AM CST 2026] 无触发信号
[Sat Mar 28 04:30:02 AM CST 2026] 无触发信号
[Sat Mar 28 05:00:02 AM CST 2026] 无触发信号
[Sat Mar 28 05:30:02 AM CST 2026] 无触发信号
[Sat Mar 28 06:00:02 AM CST 2026] 无触发信号
[Sat Mar 28 06:30:02 AM CST 2026] 无触发信号
[Sat Mar 28 07:00:01 AM CST 2026] 无触发信号
[Sat Mar 28 07:30:02 AM CST 2026] 无触发信号
[Sat Mar 28 08:00:02 AM CST 2026] 无触发信号
[Sat Mar 28 08:30:01 AM CST 2026] 无触发信号
[Sat Mar 28 09:00:02 AM CST 2026] 无触发信号
[Sat Mar 28 09:30:02 AM CST 2026] 无触发信号
[Sat Mar 28 10:00:02 AM CST 2026] 无触发信号
[Sat Mar 28 10:30:01 AM CST 2026] 无触发信号
[Sat Mar 28 11:00:02 AM CST 2026] 无触发信号
[Sat Mar 28 11:30:02 AM CST 2026] 无触发信号
[Sat Mar 28 12:00:02 PM CST 2026] 无触发信号
[Sat Mar 28 12:30:02 PM CST 2026] 无触发信号
[Sat Mar 28 01:00:02 PM CST 2026] 无触发信号
[Sat Mar 28 01:30:02 PM CST 2026] 无触发信号
[Sat Mar 28 02:00:02 PM CST 2026] 无触发信号
[Sat Mar 28 02:30:02 PM CST 2026] 无触发信号
[Sat Mar 28 03:00:02 PM CST 2026] 无触发信号
[Sat Mar 28 03:30:02 PM CST 2026] 无触发信号
[Sat Mar 28 04:00:02 PM CST 2026] 无触发信号
[Sat Mar 28 04:30:02 PM CST 2026] 无触发信号
[Sat Mar 28 05:00:02 PM CST 2026] 无触发信号
[Sat Mar 28 05:30:02 PM CST 2026] 无触发信号
[Sat Mar 28 06:00:02 PM CST 2026] 无触发信号
[Sat Mar 28 06:30:02 PM CST 2026] 无触发信号
[Sat Mar 28 07:00:02 PM CST 2026] 无触发信号
