[2026-03-28 11:37:12] ETH=$1988.35 阈值=2000
[2026-03-28 11:37:12] ETH=$1988.35 未触发（需>2000）
[2026-03-28 11:38:01] ETH=$1989.54 阈值=2000
[2026-03-28 11:38:01] ETH=$1989.54 未触发（需>2000）
[2026-03-28 11:40:01] ETH=$1987.89 阈值=2000
[2026-03-28 11:40:01] ETH=$1987.89 未触发（需>2000）
[2026-03-28 11:42:01] ETH=$1989.02 阈值=2000
[2026-03-28 11:42:01] ETH=$1989.02 未触发（需>2000）
[2026-03-28 11:44:01] ETH=$1988.87 阈值=2000
[2026-03-28 11:44:01] ETH=$1988.87 未触发（需>2000）
[2026-03-28 11:46:01] ETH=$1989.18 阈值=2000
[2026-03-28 11:46:01] ETH=$1989.18 未触发（需>2000）
[2026-03-28 11:48:01] ETH=$1989.47 阈值=2000
[2026-03-28 11:48:01] ETH=$1989.47 未触发（需>2000）
[2026-03-28 11:50:01] ETH=$1988.32 阈值=2000
[2026-03-28 11:50:01] ETH=$1988.32 未触发（需>2000）
[2026-03-28 11:52:01] ETH=$1988.1 阈值=2000
[2026-03-28 11:52:01] ETH=$1988.1 未触发（需>2000）
[2026-03-28 11:54:02] ETH=$1988.3 阈值=2000
[2026-03-28 11:54:02] ETH=$1988.3 未触发（需>2000）
[2026-03-28 11:56:01] ETH=$1987.61 阈值=2000
[2026-03-28 11:56:01] ETH=$1987.61 未触发（需>2000）
[2026-03-28 11:58:01] ETH=$1987.97 阈值=2000
[2026-03-28 11:58:01] ETH=$1987.97 未触发（需>2000）
[2026-03-28 12:00:01] ETH=$1988.13 阈值=2000
[2026-03-28 12:00:01] ETH=$1988.13 未触发（需>2000）
[2026-03-28 12:02:01] ETH=$1986.59 阈值=2000
[2026-03-28 12:02:01] ETH=$1986.59 未触发（需>2000）
[2026-03-28 12:04:01] ETH=$1988.36 阈值=2000
[2026-03-28 12:04:01] ETH=$1988.36 未触发（需>2000）
[2026-03-28 12:06:01] ETH=$1988.0 阈值=2000
[2026-03-28 12:06:01] ETH=$1988.0 未触发（需>2000）
[2026-03-28 12:08:01] ETH=$1986.92 阈值=2000
[2026-03-28 12:08:01] ETH=$1986.92 未触发（需>2000）
[2026-03-28 12:10:01] ETH=$1986.91 阈值=2000
[2026-03-28 12:10:01] ETH=$1986.91 未触发（需>2000）
[2026-03-28 12:12:01] ETH=$1986.92 阈值=2000
[2026-03-28 12:12:01] ETH=$1986.92 未触发（需>2000）
[2026-03-28 12:14:02] ETH=$1987.16 阈值=2000
[2026-03-28 12:14:02] ETH=$1987.16 未触发（需>2000）
[2026-03-28 12:16:01] ETH=$1987.35 阈值=2000
[2026-03-28 12:16:01] ETH=$1987.35 未触发（需>2000）
[2026-03-28 12:18:01] ETH=$1989.99 阈值=2000
[2026-03-28 12:18:01] ETH=$1989.99 未触发（需>2000）
[2026-03-28 12:20:01] ETH=$1990.23 阈值=2000
[2026-03-28 12:20:01] ETH=$1990.23 未触发（需>2000）
[2026-03-28 12:22:01] ETH=$1990.69 阈值=2000
[2026-03-28 12:22:01] ETH=$1990.69 未触发（需>2000）
[2026-03-28 12:24:02] ETH=$1990.56 阈值=2000
[2026-03-28 12:24:02] ETH=$1990.56 未触发（需>2000）
[2026-03-28 12:26:01] ETH=$1990.1 阈值=2000
[2026-03-28 12:26:01] ETH=$1990.1 未触发（需>2000）
[2026-03-28 12:28:01] ETH=$1989.54 阈值=2000
[2026-03-28 12:28:01] ETH=$1989.54 未触发（需>2000）
[2026-03-28 12:30:01] ETH=$1990.17 阈值=2000
[2026-03-28 12:30:01] ETH=$1990.17 未触发（需>2000）
[2026-03-28 12:32:01] ETH=$1990.03 阈值=2000
[2026-03-28 12:32:01] ETH=$1990.03 未触发（需>2000）
[2026-03-28 12:34:01] ETH=$1990.1 阈值=2000
[2026-03-28 12:34:01] ETH=$1990.1 未触发（需>2000）
[2026-03-28 12:36:02] ETH=$1989.81 阈值=2000
[2026-03-28 12:36:02] ETH=$1989.81 未触发（需>2000）
[2026-03-28 12:38:01] ETH=$1990.51 阈值=2000
[2026-03-28 12:38:01] ETH=$1990.51 未触发（需>2000）
[2026-03-28 12:40:01] ETH=$1990.17 阈值=2000
[2026-03-28 12:40:01] ETH=$1990.17 未触发（需>2000）
[2026-03-28 12:42:01] ETH=$1989.36 阈值=2000
[2026-03-28 12:42:01] ETH=$1989.36 未触发（需>2000）
[2026-03-28 12:44:01] ETH=$1989.56 阈值=2000
[2026-03-28 12:44:01] ETH=$1989.56 未触发（需>2000）
[2026-03-28 12:46:01] ETH=$1990.18 阈值=2000
[2026-03-28 12:46:01] ETH=$1990.18 未触发（需>2000）
[2026-03-28 12:48:01] ETH=$1989.9 阈值=2000
[2026-03-28 12:48:01] ETH=$1989.9 未触发（需>2000）
[2026-03-28 12:50:01] ETH=$1989.77 阈值=2000
[2026-03-28 12:50:01] ETH=$1989.77 未触发（需>2000）
[2026-03-28 12:52:01] ETH=$1989.84 阈值=2000
[2026-03-28 12:52:01] ETH=$1989.84 未触发（需>2000）
[2026-03-28 12:54:01] ETH=$1990.26 阈值=2000
[2026-03-28 12:54:02] ETH=$1990.26 未触发（需>2000）
[2026-03-28 12:56:01] ETH=$1989.53 阈值=2000
[2026-03-28 12:56:01] ETH=$1989.53 未触发（需>2000）
[2026-03-28 12:58:01] ETH=$1988.81 阈值=2000
[2026-03-28 12:58:01] ETH=$1988.81 未触发（需>2000）
[2026-03-28 13:00:01] ETH=$1989.99 阈值=2000
[2026-03-28 13:00:01] ETH=$1989.99 未触发（需>2000）
[2026-03-28 13:02:01] ETH=$1989.12 阈值=2000
[2026-03-28 13:02:01] ETH=$1989.12 未触发（需>2000）
[2026-03-28 13:04:01] ETH=$1988.65 阈值=2000
[2026-03-28 13:04:01] ETH=$1988.65 未触发（需>2000）
[2026-03-28 13:06:02] ETH=$1988.19 阈值=2000
[2026-03-28 13:06:02] ETH=$1988.19 未触发（需>2000）
[2026-03-28 13:08:01] ETH=$1987.65 阈值=2000
[2026-03-28 13:08:01] ETH=$1987.65 未触发（需>2000）
[2026-03-28 13:10:01] ETH=$1987.58 阈值=2000
[2026-03-28 13:10:01] ETH=$1987.58 未触发（需>2000）
[2026-03-28 13:12:01] ETH=$1987.7 阈值=2000
[2026-03-28 13:12:01] ETH=$1987.7 未触发（需>2000）
[2026-03-28 13:14:01] ETH=$1988.19 阈值=2000
[2026-03-28 13:14:01] ETH=$1988.19 未触发（需>2000）
[2026-03-28 13:16:01] ETH=$1988.93 阈值=2000
[2026-03-28 13:16:01] ETH=$1988.93 未触发（需>2000）
[2026-03-28 13:18:01] ETH=$1988.06 阈值=2000
[2026-03-28 13:18:01] ETH=$1988.06 未触发（需>2000）
[2026-03-28 13:20:01] ETH=$1988.04 阈值=2000
[2026-03-28 13:20:01] ETH=$1988.04 未触发（需>2000）
[2026-03-28 13:22:01] ETH=$1990.26 阈值=2000
[2026-03-28 13:22:01] ETH=$1990.26 未触发（需>2000）
[2026-03-28 13:24:02] ETH=$1991.41 阈值=2000
[2026-03-28 13:24:02] ETH=$1991.41 未触发（需>2000）
[2026-03-28 13:26:01] ETH=$1991.41 阈值=2000
[2026-03-28 13:26:01] ETH=$1991.41 未触发（需>2000）
[2026-03-28 13:28:01] ETH=$1991.79 阈值=2000
[2026-03-28 13:28:01] ETH=$1991.79 未触发（需>2000）
[2026-03-28 13:30:01] ETH=$1991.43 阈值=2000
[2026-03-28 13:30:01] ETH=$1991.43 未触发（需>2000）
[2026-03-28 13:32:01] ETH=$1991.5 阈值=2000
[2026-03-28 13:32:01] ETH=$1991.5 未触发（需>2000）
[2026-03-28 13:34:01] ETH=$1991.77 阈值=2000
[2026-03-28 13:34:01] ETH=$1991.77 未触发（需>2000）
[2026-03-28 13:36:01] ETH=$1992.25 阈值=2000
[2026-03-28 13:36:01] ETH=$1992.25 未触发（需>2000）
[2026-03-28 13:38:01] ETH=$1991.99 阈值=2000
[2026-03-28 13:38:01] ETH=$1991.99 未触发（需>2000）
[2026-03-28 13:40:01] ETH=$1992.14 阈值=2000
[2026-03-28 13:40:01] ETH=$1992.14 未触发（需>2000）
[2026-03-28 13:42:01] ETH=$1991.28 阈值=2000
[2026-03-28 13:42:01] ETH=$1991.28 未触发（需>2000）
[2026-03-28 13:44:02] ETH=$1991.2 阈值=2000
[2026-03-28 13:44:02] ETH=$1991.2 未触发（需>2000）
[2026-03-28 13:46:01] ETH=$1992.7 阈值=2000
[2026-03-28 13:46:01] ETH=$1992.7 未触发（需>2000）
[2026-03-28 13:48:01] ETH=$1992.37 阈值=2000
[2026-03-28 13:48:01] ETH=$1992.37 未触发（需>2000）
[2026-03-28 13:50:01] ETH=$1992.77 阈值=2000
[2026-03-28 13:50:01] ETH=$1992.77 未触发（需>2000）
[2026-03-28 13:52:01] ETH=$1992.54 阈值=2000
[2026-03-28 13:52:01] ETH=$1992.54 未触发（需>2000）
[2026-03-28 13:54:02] ETH=$1993.37 阈值=2000
[2026-03-28 13:54:02] ETH=$1993.37 未触发（需>2000）
[2026-03-28 13:56:01] ETH=$1993.13 阈值=2000
[2026-03-28 13:56:01] ETH=$1993.13 未触发（需>2000）
[2026-03-28 13:58:01] ETH=$1993.43 阈值=2000
[2026-03-28 13:58:01] ETH=$1993.43 未触发（需>2000）
[2026-03-28 14:00:01] ETH=$1992.81 阈值=2000
[2026-03-28 14:00:01] ETH=$1992.81 未触发（需>2000）
[2026-03-28 14:02:01] ETH=$1993.56 阈值=2000
[2026-03-28 14:02:01] ETH=$1993.56 未触发（需>2000）
[2026-03-28 14:04:01] ETH=$1991.89 阈值=2000
[2026-03-28 14:04:02] ETH=$1991.89 未触发（需>2000）
[2026-03-28 14:06:01] ETH=$1993.53 阈值=2000
[2026-03-28 14:06:01] ETH=$1993.53 未触发（需>2000）
[2026-03-28 14:08:01] ETH=$1995.03 阈值=2000
[2026-03-28 14:08:01] ETH=$1995.03 未触发（需>2000）
[2026-03-28 14:10:01] ETH=$1994.73 阈值=2000
[2026-03-28 14:10:01] ETH=$1994.73 未触发（需>2000）
[2026-03-28 14:12:02] ETH=$1994.67 阈值=2000
[2026-03-28 14:12:02] ETH=$1994.67 未触发（需>2000）
[2026-03-28 14:14:01] ETH=$1994.99 阈值=2000
[2026-03-28 14:14:01] ETH=$1994.99 未触发（需>2000）
[2026-03-28 14:16:01] ETH=$1995.49 阈值=2000
[2026-03-28 14:16:01] ETH=$1995.49 未触发（需>2000）
[2026-03-28 14:18:01] ETH=$2001.48 阈值=2000
[2026-03-28 14:18:02] ✅ 预警已发送：ETH=$2001.48
[2026-03-28 14:20:01] ETH=$2004.84 阈值=2000
[2026-03-28 14:20:01] 10分钟内已发预警，跳过
[2026-03-28 14:22:01] ETH=$2002.59 阈值=2000
[2026-03-28 14:22:01] 10分钟内已发预警，跳过
[2026-03-28 14:24:01] ETH=$2001.0 阈值=2000
[2026-03-28 14:24:01] 10分钟内已发预警，跳过
[2026-03-28 14:26:02] ETH=$2001.6 阈值=2000
[2026-03-28 14:26:02] 10分钟内已发预警，跳过
[2026-03-28 14:28:01] ETH=$2001.1 阈值=2000
[2026-03-28 14:28:01] 10分钟内已发预警，跳过
[2026-03-28 14:30:01] ETH=$2002.83 阈值=2000
[2026-03-28 14:30:02] ✅ 预警已发送：ETH=$2002.83
[2026-03-28 14:32:01] ETH=$2003.44 阈值=2000
[2026-03-28 14:32:01] 10分钟内已发预警，跳过
[2026-03-28 14:34:01] ETH=$2002.32 阈值=2000
[2026-03-28 14:34:01] 10分钟内已发预警，跳过
[2026-03-28 14:36:02] ETH=$2001.65 阈值=2000
[2026-03-28 14:36:02] 10分钟内已发预警，跳过
[2026-03-28 14:38:01] ETH=$2000.94 阈值=2000
[2026-03-28 14:38:01] 10分钟内已发预警，跳过
[2026-03-28 14:40:01] ETH=$2001.29 阈值=2000
[2026-03-28 14:40:01] 10分钟内已发预警，跳过
[2026-03-28 14:42:01] ETH=$2001.16 阈值=2000
[2026-03-28 14:42:02] ✅ 预警已发送：ETH=$2001.16
[2026-03-28 14:44:01] ETH=$2001.42 阈值=2000
[2026-03-28 14:44:01] 10分钟内已发预警，跳过
[2026-03-28 14:46:01] ETH=$2000.67 阈值=2000
[2026-03-28 14:46:01] 10分钟内已发预警，跳过
[2026-03-28 14:48:01] ETH=$2000.41 阈值=2000
[2026-03-28 14:48:01] 10分钟内已发预警，跳过
[2026-03-28 14:50:02] ETH=$1999.59 阈值=2000
[2026-03-28 14:50:02] ETH=$1999.59 未触发（需>2000）
[2026-03-28 14:52:01] ETH=$1999.44 阈值=2000
[2026-03-28 14:52:01] ETH=$1999.44 未触发（需>2000）
[2026-03-28 14:54:01] ETH=$1999.99 阈值=2000
[2026-03-28 14:54:01] ETH=$1999.99 未触发（需>2000）
[2026-03-28 14:56:01] ETH=$1999.9 阈值=2000
[2026-03-28 14:56:01] ETH=$1999.9 未触发（需>2000）
[2026-03-28 14:58:01] ETH=$1999.4 阈值=2000
[2026-03-28 14:58:01] ETH=$1999.4 未触发（需>2000）
[2026-03-28 15:00:01] ETH=$1999.59 阈值=2000
[2026-03-28 15:00:01] ETH=$1999.59 未触发（需>2000）
[2026-03-28 15:02:01] ETH=$1999.93 阈值=2000
[2026-03-28 15:02:01] ETH=$1999.93 未触发（需>2000）
[2026-03-28 15:04:01] ETH=$2000.12 阈值=2000
[2026-03-28 15:04:01] ✅ 预警已发送：ETH=$2000.12
[2026-03-28 15:06:01] ETH=$2000.04 阈值=2000
[2026-03-28 15:06:02] 10分钟内已发预警，跳过
[2026-03-28 15:08:01] ETH=$2000.47 阈值=2000
[2026-03-28 15:08:01] 10分钟内已发预警，跳过
[2026-03-28 15:10:01] ETH=$2002.2 阈值=2000
[2026-03-28 15:10:01] 10分钟内已发预警，跳过
[2026-03-28 15:12:01] ETH=$2002.18 阈值=2000
[2026-03-28 15:12:01] 10分钟内已发预警，跳过
[2026-03-28 15:14:01] ETH=$2002.33 阈值=2000
[2026-03-28 15:14:02] ✅ 预警已发送：ETH=$2002.33
[2026-03-28 15:16:01] ETH=$2003.45 阈值=2000
[2026-03-28 15:16:01] 10分钟内已发预警，跳过
[2026-03-28 15:18:01] ETH=$2004.26 阈值=2000
[2026-03-28 15:18:01] 10分钟内已发预警，跳过
[2026-03-28 15:20:01] ETH=$2004.8 阈值=2000
[2026-03-28 15:20:02] 10分钟内已发预警，跳过
[2026-03-28 15:22:01] ETH=$2004.34 阈值=2000
[2026-03-28 15:22:01] 10分钟内已发预警，跳过
[2026-03-28 15:24:01] ETH=$2003.81 阈值=2000
[2026-03-28 15:24:01] 10分钟内已发预警，跳过
[2026-03-28 15:26:01] ETH=$2004.25 阈值=2000
[2026-03-28 15:26:02] ✅ 预警已发送：ETH=$2004.25
[2026-03-28 15:28:01] ETH=$2004.19 阈值=2000
[2026-03-28 15:28:01] 10分钟内已发预警，跳过
[2026-03-28 15:30:01] ETH=$2003.83 阈值=2000
[2026-03-28 15:30:01] 10分钟内已发预警，跳过
[2026-03-28 15:32:01] ETH=$2003.31 阈值=2000
[2026-03-28 15:32:01] 10分钟内已发预警，跳过
[2026-03-28 15:34:01] ETH=$2003.42 阈值=2000
[2026-03-28 15:34:01] 10分钟内已发预警，跳过
[2026-03-28 15:36:01] ETH=$2003.32 阈值=2000
[2026-03-28 15:36:01] 10分钟内已发预警，跳过
[2026-03-28 15:38:02] ETH=$2003.08 阈值=2000
[2026-03-28 15:38:02] ✅ 预警已发送：ETH=$2003.08
[2026-03-28 15:40:01] ETH=$2003.92 阈值=2000
[2026-03-28 15:40:01] 10分钟内已发预警，跳过
[2026-03-28 15:42:01] ETH=$2004.0 阈值=2000
[2026-03-28 15:42:02] 10分钟内已发预警，跳过
[2026-03-28 15:44:01] ETH=$2002.97 阈值=2000
[2026-03-28 15:44:01] 10分钟内已发预警，跳过
[2026-03-28 15:46:01] ETH=$2003.01 阈值=2000
[2026-03-28 15:46:01] 10分钟内已发预警，跳过
[2026-03-28 15:48:01] ETH=$2003.67 阈值=2000
[2026-03-28 15:48:01] 10分钟内已发预警，跳过
[2026-03-28 15:50:01] ETH=$2003.84 阈值=2000
[2026-03-28 15:50:02] ✅ 预警已发送：ETH=$2003.84
[2026-03-28 15:52:01] ETH=$2003.78 阈值=2000
[2026-03-28 15:52:01] 10分钟内已发预警，跳过
[2026-03-28 15:54:01] ETH=$2003.88 阈值=2000
[2026-03-28 15:54:01] 10分钟内已发预警，跳过
[2026-03-28 15:56:01] ETH=$2004.83 阈值=2000
[2026-03-28 15:56:02] 10分钟内已发预警，跳过
[2026-03-28 15:58:01] ETH=$2006.38 阈值=2000
[2026-03-28 15:58:01] 10分钟内已发预警，跳过
[2026-03-28 16:00:01] ETH=$2005.91 阈值=2000
[2026-03-28 16:00:01] 10分钟内已发预警，跳过
[2026-03-28 16:02:01] ETH=$2004.98 阈值=2000
[2026-03-28 16:02:01] ✅ 预警已发送：ETH=$2004.98
[2026-03-28 16:04:02] ETH=$2005.61 阈值=2000
[2026-03-28 16:04:02] 10分钟内已发预警，跳过
[2026-03-28 16:06:01] ETH=$2007.1 阈值=2000
[2026-03-28 16:06:01] 10分钟内已发预警，跳过
[2026-03-28 16:08:01] ETH=$2006.15 阈值=2000
[2026-03-28 16:08:01] 10分钟内已发预警，跳过
[2026-03-28 16:10:01] ETH=$2005.0 阈值=2000
[2026-03-28 16:10:01] 10分钟内已发预警，跳过
[2026-03-28 16:12:02] ETH=$2005.58 阈值=2000
[2026-03-28 16:12:02] ✅ 预警已发送：ETH=$2005.58
[2026-03-28 16:14:01] ETH=$2004.49 阈值=2000
[2026-03-28 16:14:01] 10分钟内已发预警，跳过
[2026-03-28 16:16:01] ETH=$2004.24 阈值=2000
[2026-03-28 16:16:01] 10分钟内已发预警，跳过
[2026-03-28 16:18:01] ETH=$2003.8 阈值=2000
[2026-03-28 16:18:02] 10分钟内已发预警，跳过
[2026-03-28 16:20:01] ETH=$2003.4 阈值=2000
[2026-03-28 16:20:01] 10分钟内已发预警，跳过
[2026-03-28 16:22:01] ETH=$2003.86 阈值=2000
[2026-03-28 16:22:01] 10分钟内已发预警，跳过
[2026-03-28 16:24:01] ETH=$2005.0 阈值=2000
[2026-03-28 16:24:02] ✅ 预警已发送：ETH=$2005.0
[2026-03-28 16:26:01] ETH=$2006.16 阈值=2000
[2026-03-28 16:26:01] 10分钟内已发预警，跳过
[2026-03-28 16:28:01] ETH=$2004.5 阈值=2000
[2026-03-28 16:28:01] 10分钟内已发预警，跳过
[2026-03-28 16:30:01] ETH=$2003.09 阈值=2000
[2026-03-28 16:30:02] 10分钟内已发预警，跳过
[2026-03-28 16:32:01] ETH=$2002.81 阈值=2000
[2026-03-28 16:32:01] 10分钟内已发预警，跳过
[2026-03-28 16:34:02] ETH=$2002.24 阈值=2000
[2026-03-28 16:34:02] ✅ 预警已发送：ETH=$2002.24
[2026-03-28 16:36:01] ETH=$2001.76 阈值=2000
[2026-03-28 16:36:01] 10分钟内已发预警，跳过
[2026-03-28 16:38:01] ETH=$2000.61 阈值=2000
[2026-03-28 16:38:01] 10分钟内已发预警，跳过
[2026-03-28 16:40:02] ETH=$1999.49 阈值=2000
[2026-03-28 16:40:02] ETH=$1999.49 未触发（需>2000）
[2026-03-28 16:42:01] ETH=$2000.81 阈值=2000
[2026-03-28 16:42:01] 10分钟内已发预警，跳过
[2026-03-28 16:44:01] ETH=$1999.51 阈值=2000
[2026-03-28 16:44:01] ETH=$1999.51 未触发（需>2000）
[2026-03-28 16:46:01] ETH=$2000.03 阈值=2000
[2026-03-28 16:46:02] ✅ 预警已发送：ETH=$2000.03
[2026-03-28 16:48:01] ETH=$2001.08 阈值=2000
[2026-03-28 16:48:01] 10分钟内已发预警，跳过
[2026-03-28 16:50:01] ETH=$2001.24 阈值=2000
[2026-03-28 16:50:01] 10分钟内已发预警，跳过
[2026-03-28 16:52:02] ETH=$2000.13 阈值=2000
[2026-03-28 16:52:02] 10分钟内已发预警，跳过
[2026-03-28 16:54:01] ETH=$1997.23 阈值=2000
[2026-03-28 16:54:01] ETH=$1997.23 未触发（需>2000）
[2026-03-28 16:56:01] ETH=$1998.2 阈值=2000
[2026-03-28 16:56:01] ETH=$1998.2 未触发（需>2000）
[2026-03-28 16:58:01] ETH=$1998.01 阈值=2000
[2026-03-28 16:58:01] ETH=$1998.01 未触发（需>2000）
[2026-03-28 17:00:02] ETH=$1997.94 阈值=2000
[2026-03-28 17:00:02] ETH=$1997.94 未触发（需>2000）
[2026-03-28 17:02:02] ETH=$1996.8 阈值=2000
[2026-03-28 17:02:02] ETH=$1996.8 未触发（需>2000）
[2026-03-28 17:04:01] ETH=$1995.91 阈值=2000
[2026-03-28 17:04:01] ETH=$1995.91 未触发（需>2000）
[2026-03-28 17:06:01] ETH=$1996.27 阈值=2000
[2026-03-28 17:06:01] ETH=$1996.27 未触发（需>2000）
[2026-03-28 17:08:01] ETH=$1995.22 阈值=2000
[2026-03-28 17:08:01] ETH=$1995.22 未触发（需>2000）
[2026-03-28 17:10:02] ETH=$1995.99 阈值=2000
[2026-03-28 17:10:02] ETH=$1995.99 未触发（需>2000）
[2026-03-28 17:12:01] ETH=$1995.21 阈值=2000
[2026-03-28 17:12:01] ETH=$1995.21 未触发（需>2000）
[2026-03-28 17:14:01] ETH=$1996.09 阈值=2000
[2026-03-28 17:14:01] ETH=$1996.09 未触发（需>2000）
[2026-03-28 17:16:01] ETH=$1994.97 阈值=2000
[2026-03-28 17:16:01] ETH=$1994.97 未触发（需>2000）
[2026-03-28 17:18:01] ETH=$1996.0 阈值=2000
[2026-03-28 17:18:01] ETH=$1996.0 未触发（需>2000）
[2026-03-28 17:20:02] ETH=$1996.3 阈值=2000
[2026-03-28 17:20:02] ETH=$1996.3 未触发（需>2000）
[2026-03-28 17:22:01] ETH=$1996.62 阈值=2000
[2026-03-28 17:22:01] ETH=$1996.62 未触发（需>2000）
[2026-03-28 17:24:01] ETH=$1997.15 阈值=2000
[2026-03-28 17:24:01] ETH=$1997.15 未触发（需>2000）
[2026-03-28 17:26:01] ETH=$1997.29 阈值=2000
[2026-03-28 17:26:01] ETH=$1997.29 未触发（需>2000）
[2026-03-28 17:28:02] ETH=$1997.98 阈值=2000
[2026-03-28 17:28:02] ETH=$1997.98 未触发（需>2000）
[2026-03-28 17:30:01] ETH=$1997.91 阈值=2000
[2026-03-28 17:30:01] ETH=$1997.91 未触发（需>2000）
[2026-03-28 17:32:01] ETH=$1998.22 阈值=2000
[2026-03-28 17:32:01] ETH=$1998.22 未触发（需>2000）
[2026-03-28 17:34:01] ETH=$1996.89 阈值=2000
[2026-03-28 17:34:01] ETH=$1996.89 未触发（需>2000）
[2026-03-28 17:36:01] ETH=$1995.99 阈值=2000
[2026-03-28 17:36:01] ETH=$1995.99 未触发（需>2000）
[2026-03-28 17:38:01] ETH=$1996.42 阈值=2000
[2026-03-28 17:38:01] ETH=$1996.42 未触发（需>2000）
[2026-03-28 17:40:02] ETH=$1995.72 阈值=2000
[2026-03-28 17:40:02] ETH=$1995.72 未触发（需>2000）
[2026-03-28 17:42:01] ETH=$1996.49 阈值=2000
[2026-03-28 17:42:01] ETH=$1996.49 未触发（需>2000）
[2026-03-28 17:44:01] ETH=$1996.76 阈值=2000
[2026-03-28 17:44:01] ETH=$1996.76 未触发（需>2000）
[2026-03-28 17:46:01] ETH=$1996.29 阈值=2000
[2026-03-28 17:46:01] ETH=$1996.29 未触发（需>2000）
[2026-03-28 17:48:01] ETH=$1997.25 阈值=2000
[2026-03-28 17:48:02] ETH=$1997.25 未触发（需>2000）
[2026-03-28 17:50:01] ETH=$1996.5 阈值=2000
[2026-03-28 17:50:01] ETH=$1996.5 未触发（需>2000）
[2026-03-28 17:52:01] ETH=$1997.16 阈值=2000
[2026-03-28 17:52:01] ETH=$1997.16 未触发（需>2000）
[2026-03-28 17:54:01] ETH=$1997.3 阈值=2000
[2026-03-28 17:54:01] ETH=$1997.3 未触发（需>2000）
[2026-03-28 17:56:01] ETH=$1998.4 阈值=2000
[2026-03-28 17:56:01] ETH=$1998.4 未触发（需>2000）
[2026-03-28 17:58:02] ETH=$1997.81 阈值=2000
[2026-03-28 17:58:02] ETH=$1997.81 未触发（需>2000）
[2026-03-28 18:00:01] ETH=$1998.32 阈值=2000
[2026-03-28 18:00:01] ETH=$1998.32 未触发（需>2000）
[2026-03-28 18:02:01] ETH=$1998.77 阈值=2000
[2026-03-28 18:02:01] ETH=$1998.77 未触发（需>2000）
[2026-03-28 18:04:01] ETH=$2000.46 阈值=2000
[2026-03-28 18:04:02] ✅ 预警已发送：ETH=$2000.46
[2026-03-28 18:06:01] ETH=$2003.36 阈值=2000
[2026-03-28 18:06:01] 10分钟内已发预警，跳过
[2026-03-28 18:08:01] ETH=$2002.55 阈值=2000
[2026-03-28 18:08:01] 10分钟内已发预警，跳过
[2026-03-28 18:10:01] ETH=$2002.43 阈值=2000
[2026-03-28 18:10:01] 10分钟内已发预警，跳过
[2026-03-28 18:12:02] ETH=$2001.17 阈值=2000
[2026-03-28 18:12:02] 10分钟内已发预警，跳过
[2026-03-28 18:14:01] ETH=$1999.03 阈值=2000
[2026-03-28 18:14:01] ETH=$1999.03 未触发（需>2000）
[2026-03-28 18:16:01] ETH=$2000.0 阈值=2000
[2026-03-28 18:16:01] ETH=$2000.0 未触发（需>2000）
[2026-03-28 18:18:01] ETH=$1999.0 阈值=2000
[2026-03-28 18:18:01] ETH=$1999.0 未触发（需>2000）
[2026-03-28 18:20:02] ETH=$1998.12 阈值=2000
[2026-03-28 18:20:02] ETH=$1998.12 未触发（需>2000）
[2026-03-28 18:22:01] ETH=$1996.41 阈值=2000
[2026-03-28 18:22:01] ETH=$1996.41 未触发（需>2000）
[2026-03-28 18:24:01] ETH=$1995.88 阈值=2000
[2026-03-28 18:24:01] ETH=$1995.88 未触发（需>2000）
[2026-03-28 18:26:01] ETH=$1996.26 阈值=2000
[2026-03-28 18:26:01] ETH=$1996.26 未触发（需>2000）
[2026-03-28 18:28:01] ETH=$1992.45 阈值=2000
[2026-03-28 18:28:01] ETH=$1992.45 未触发（需>2000）
[2026-03-28 18:30:02] ETH=$1993.72 阈值=2000
[2026-03-28 18:30:02] ETH=$1993.72 未触发（需>2000）
[2026-03-28 18:32:01] ETH=$1993.63 阈值=2000
[2026-03-28 18:32:01] ETH=$1993.63 未触发（需>2000）
[2026-03-28 18:34:01] ETH=$1995.41 阈值=2000
[2026-03-28 18:34:01] ETH=$1995.41 未触发（需>2000）
[2026-03-28 18:36:01] ETH=$1994.73 阈值=2000
[2026-03-28 18:36:01] ETH=$1994.73 未触发（需>2000）
[2026-03-28 18:38:02] ETH=$1994.01 阈值=2000
[2026-03-28 18:38:02] ETH=$1994.01 未触发（需>2000）
[2026-03-28 18:40:01] ETH=$1992.5 阈值=2000
[2026-03-28 18:40:01] ETH=$1992.5 未触发（需>2000）
[2026-03-28 18:42:01] ETH=$1993.47 阈值=2000
[2026-03-28 18:42:01] ETH=$1993.47 未触发（需>2000）
[2026-03-28 18:44:01] ETH=$1993.1 阈值=2000
[2026-03-28 18:44:01] ETH=$1993.1 未触发（需>2000）
[2026-03-28 18:46:02] ETH=$1993.34 阈值=2000
[2026-03-28 18:46:02] ETH=$1993.34 未触发（需>2000）
[2026-03-28 18:48:01] ETH=$1992.51 阈值=2000
[2026-03-28 18:48:01] ETH=$1992.51 未触发（需>2000）
[2026-03-28 18:50:01] ETH=$1992.46 阈值=2000
[2026-03-28 18:50:01] ETH=$1992.46 未触发（需>2000）
[2026-03-28 18:52:01] ETH=$1993.4 阈值=2000
[2026-03-28 18:52:01] ETH=$1993.4 未触发（需>2000）
[2026-03-28 18:54:02] ETH=$1993.95 阈值=2000
[2026-03-28 18:54:02] ETH=$1993.95 未触发（需>2000）
[2026-03-28 18:56:01] ETH=$1994.91 阈值=2000
[2026-03-28 18:56:01] ETH=$1994.91 未触发（需>2000）
[2026-03-28 18:58:01] ETH=$1995.74 阈值=2000
[2026-03-28 18:58:01] ETH=$1995.74 未触发（需>2000）
[2026-03-28 19:00:01] ETH=$1995.79 阈值=2000
[2026-03-28 19:00:01] ETH=$1995.79 未触发（需>2000）
[2026-03-28 19:02:01] ETH=$1995.58 阈值=2000
[2026-03-28 19:02:01] ETH=$1995.58 未触发（需>2000）
[2026-03-28 19:04:02] ETH=$1995.64 阈值=2000
[2026-03-28 19:04:02] ETH=$1995.64 未触发（需>2000）
[2026-03-28 19:06:01] ETH=$1995.86 阈值=2000
[2026-03-28 19:06:01] ETH=$1995.86 未触发（需>2000）
[2026-03-28 19:08:01] ETH=$1996.8 阈值=2000
[2026-03-28 19:08:01] ETH=$1996.8 未触发（需>2000）
[2026-03-28 19:10:01] ETH=$1995.64 阈值=2000
[2026-03-28 19:10:01] ETH=$1995.64 未触发（需>2000）
[2026-03-28 19:12:02] ETH=$1995.39 阈值=2000
[2026-03-28 19:12:02] ETH=$1995.39 未触发（需>2000）
[2026-03-28 19:14:01] ETH=$1995.65 阈值=2000
[2026-03-28 19:14:01] ETH=$1995.65 未触发（需>2000）
[2026-03-28 19:16:01] ETH=$1996.11 阈值=2000
[2026-03-28 19:16:01] ETH=$1996.11 未触发（需>2000）
[2026-03-28 19:18:01] ETH=$1996.56 阈值=2000
[2026-03-28 19:18:01] ETH=$1996.56 未触发（需>2000）
[2026-03-28 19:20:02] ETH=$1995.64 阈值=2000
[2026-03-28 19:20:02] ETH=$1995.64 未触发（需>2000）
[2026-03-28 19:22:01] ETH=$1995.8 阈值=2000
[2026-03-28 19:22:01] ETH=$1995.8 未触发（需>2000）
[2026-03-28 19:24:01] ETH=$1995.43 阈值=2000
[2026-03-28 19:24:01] ETH=$1995.43 未触发（需>2000）
[2026-03-28 19:26:01] ETH=$1995.82 阈值=2000
[2026-03-28 19:26:01] ETH=$1995.82 未触发（需>2000）
[2026-03-28 19:28:01] ETH=$1996.27 阈值=2000
[2026-03-28 19:28:01] ETH=$1996.27 未触发（需>2000）
[2026-03-28 19:30:02] ETH=$1996.69 阈值=2000
[2026-03-28 19:30:02] ETH=$1996.69 未触发（需>2000）
[2026-03-28 19:32:02] ETH=$1996.06 阈值=2000
[2026-03-28 19:32:02] ETH=$1996.06 未触发（需>2000）
[2026-03-28 19:34:01] ETH=$1996.42 阈值=2000
[2026-03-28 19:34:01] ETH=$1996.42 未触发（需>2000）
[2026-03-28 19:36:01] ETH=$1995.4 阈值=2000
[2026-03-28 19:36:01] ETH=$1995.4 未触发（需>2000）
[2026-03-28 19:38:01] ETH=$1996.1 阈值=2000
[2026-03-28 19:38:01] ETH=$1996.1 未触发（需>2000）
[2026-03-28 19:40:02] ETH=$1997.28 阈值=2000
[2026-03-28 19:40:02] ETH=$1997.28 未触发（需>2000）
[2026-03-28 19:42:01] ETH=$1996.8 阈值=2000
[2026-03-28 19:42:01] ETH=$1996.8 未触发（需>2000）
[2026-03-28 19:44:01] ETH=$1997.18 阈值=2000
[2026-03-28 19:44:01] ETH=$1997.18 未触发（需>2000）
[2026-03-28 19:46:01] ETH=$1996.63 阈值=2000
[2026-03-28 19:46:01] ETH=$1996.63 未触发（需>2000）
[2026-03-28 19:48:01] ETH=$1997.29 阈值=2000
[2026-03-28 19:48:01] ETH=$1997.29 未触发（需>2000）
[2026-03-28 19:50:02] ETH=$1998.02 阈值=2000
[2026-03-28 19:50:02] ETH=$1998.02 未触发（需>2000）
[2026-03-28 19:52:01] ETH=$1998.46 阈值=2000
[2026-03-28 19:52:01] ETH=$1998.46 未触发（需>2000）
[2026-03-28 19:54:01] ETH=$1997.7 阈值=2000
[2026-03-28 19:54:01] ETH=$1997.7 未触发（需>2000）
[2026-03-28 19:56:01] ETH=$1996.67 阈值=2000
[2026-03-28 19:56:01] ETH=$1996.67 未触发（需>2000）
[2026-03-28 19:58:02] ETH=$1996.8 阈值=2000
[2026-03-28 19:58:02] ETH=$1996.8 未触发（需>2000）
[2026-03-28 20:00:01] ETH=$1996.47 阈值=2000
[2026-03-28 20:00:01] ETH=$1996.47 未触发（需>2000）
[2026-03-28 20:02:01] ETH=$1996.75 阈值=2000
[2026-03-28 20:02:01] ETH=$1996.75 未触发（需>2000）
[2026-03-28 20:04:01] ETH=$1996.71 阈值=2000
[2026-03-28 20:04:01] ETH=$1996.71 未触发（需>2000）
[2026-03-28 20:06:01] ETH=$1995.9 阈值=2000
[2026-03-28 20:06:01] ETH=$1995.9 未触发（需>2000）
[2026-03-28 20:08:01] ETH=$1996.15 阈值=2000
[2026-03-28 20:08:01] ETH=$1996.15 未触发（需>2000）
[2026-03-28 20:10:02] ETH=$1997.48 阈值=2000
[2026-03-28 20:10:02] ETH=$1997.48 未触发（需>2000）
[2026-03-28 20:12:01] ETH=$1997.53 阈值=2000
[2026-03-28 20:12:01] ETH=$1997.53 未触发（需>2000）
[2026-03-28 20:14:01] ETH=$1999.61 阈值=2000
[2026-03-28 20:14:01] ETH=$1999.61 未触发（需>2000）
[2026-03-28 20:16:01] ETH=$1999.46 阈值=2000
[2026-03-28 20:16:01] ETH=$1999.46 未触发（需>2000）
[2026-03-28 20:18:01] ETH=$2001.52 阈值=2000
[2026-03-28 20:18:02] ✅ 预警已发送：ETH=$2001.52
[2026-03-28 20:20:01] ETH=$2000.8 阈值=2000
[2026-03-28 20:20:01] 10分钟内已发预警，跳过
[2026-03-28 20:22:01] ETH=$2002.91 阈值=2000
[2026-03-28 20:22:01] 10分钟内已发预警，跳过
[2026-03-28 20:24:02] ETH=$2001.25 阈值=2000
[2026-03-28 20:24:02] 10分钟内已发预警，跳过
[2026-03-28 20:26:01] ETH=$2000.46 阈值=2000
[2026-03-28 20:26:01] 10分钟内已发预警，跳过
[2026-03-28 20:28:01] ETH=$2000.25 阈值=2000
[2026-03-28 20:28:01] 10分钟内已发预警，跳过
[2026-03-28 20:30:01] ETH=$2000.53 阈值=2000
[2026-03-28 20:30:02] ✅ 预警已发送：ETH=$2000.53
[2026-03-28 20:32:01] ETH=$1998.23 阈值=2000
[2026-03-28 20:32:01] ETH=$1998.23 未触发（需>2000）
[2026-03-28 20:34:01] ETH=$1996.6 阈值=2000
[2026-03-28 20:34:02] ETH=$1996.6 未触发（需>2000）
[2026-03-28 20:36:01] ETH=$1994.41 阈值=2000
[2026-03-28 20:36:01] ETH=$1994.41 未触发（需>2000）
[2026-03-28 20:38:01] ETH=$1992.84 阈值=2000
[2026-03-28 20:38:01] ETH=$1992.84 未触发（需>2000）
[2026-03-28 20:40:01] ETH=$1993.46 阈值=2000
[2026-03-28 20:40:01] ETH=$1993.46 未触发（需>2000）
[2026-03-28 20:42:01] ETH=$1994.2 阈值=2000
[2026-03-28 20:42:02] ETH=$1994.2 未触发（需>2000）
[2026-03-28 20:44:01] ETH=$1995.0 阈值=2000
[2026-03-28 20:44:01] ETH=$1995.0 未触发（需>2000）
[2026-03-28 20:46:01] ETH=$1995.32 阈值=2000
[2026-03-28 20:46:01] ETH=$1995.32 未触发（需>2000）
[2026-03-28 20:48:01] ETH=$1996.68 阈值=2000
[2026-03-28 20:48:01] ETH=$1996.68 未触发（需>2000）
[2026-03-28 20:50:01] ETH=$1997.52 阈值=2000
[2026-03-28 20:50:01] ETH=$1997.52 未触发（需>2000）
[2026-03-28 20:52:01] ETH=$1999.26 阈值=2000
[2026-03-28 20:52:01] ETH=$1999.26 未触发（需>2000）
[2026-03-28 20:54:02] ETH=$1999.86 阈值=2000
[2026-03-28 20:54:02] ETH=$1999.86 未触发（需>2000）
[2026-03-28 20:56:01] ETH=$1998.66 阈值=2000
[2026-03-28 20:56:01] ETH=$1998.66 未触发（需>2000）
[2026-03-28 20:58:01] ETH=$1998.82 阈值=2000
[2026-03-28 20:58:01] ETH=$1998.82 未触发（需>2000）
[2026-03-28 21:00:01] ETH=$1998.57 阈值=2000
[2026-03-28 21:00:01] ETH=$1998.57 未触发（需>2000）
[2026-03-28 21:02:01] ETH=$1999.01 阈值=2000
[2026-03-28 21:02:01] ETH=$1999.01 未触发（需>2000）
[2026-03-28 21:04:02] ETH=$1998.56 阈值=2000
[2026-03-28 21:04:02] ETH=$1998.56 未触发（需>2000）
[2026-03-28 21:06:01] ETH=$1998.77 阈值=2000
[2026-03-28 21:06:01] ETH=$1998.77 未触发（需>2000）
[2026-03-28 21:08:01] ETH=$1998.85 阈值=2000
[2026-03-28 21:08:01] ETH=$1998.85 未触发（需>2000）
[2026-03-28 21:10:01] ETH=$1999.89 阈值=2000
[2026-03-28 21:10:01] ETH=$1999.89 未触发（需>2000）
[2026-03-28 21:12:02] ETH=$2000.53 阈值=2000
[2026-03-28 21:12:02] ✅ 预警已发送：ETH=$2000.53
[2026-03-28 21:14:01] ETH=$2001.73 阈值=2000
[2026-03-28 21:14:01] 10分钟内已发预警，跳过
[2026-03-28 21:16:01] ETH=$2002.04 阈值=2000
[2026-03-28 21:16:01] 10分钟内已发预警，跳过
[2026-03-28 21:18:01] ETH=$2000.88 阈值=2000
[2026-03-28 21:18:02] 10分钟内已发预警，跳过
[2026-03-28 21:20:01] ETH=$1999.83 阈值=2000
[2026-03-28 21:20:01] ETH=$1999.83 未触发（需>2000）
[2026-03-28 21:22:01] ETH=$2000.51 阈值=2000
[2026-03-28 21:22:01] 10分钟内已发预警，跳过
[2026-03-28 21:24:01] ETH=$2000.6 阈值=2000
[2026-03-28 21:24:02] ✅ 预警已发送：ETH=$2000.6
[2026-03-28 21:26:01] ETH=$1999.7 阈值=2000
[2026-03-28 21:26:01] ETH=$1999.7 未触发（需>2000）
[2026-03-28 21:28:01] ETH=$2001.7 阈值=2000
[2026-03-28 21:28:01] 10分钟内已发预警，跳过
[2026-03-28 21:30:01] ETH=$2001.65 阈值=2000
[2026-03-28 21:30:02] 10分钟内已发预警，跳过
[2026-03-28 21:32:01] ETH=$2002.33 阈值=2000
[2026-03-28 21:32:01] 10分钟内已发预警，跳过
[2026-03-28 21:34:01] ETH=$2002.57 阈值=2000
[2026-03-28 21:34:02] ✅ 预警已发送：ETH=$2002.57
[2026-03-28 21:36:01] ETH=$2002.36 阈值=2000
[2026-03-28 21:36:01] 10分钟内已发预警，跳过
[2026-03-28 21:38:01] ETH=$2003.42 阈值=2000
[2026-03-28 21:38:02] 10分钟内已发预警，跳过
[2026-03-28 21:40:01] ETH=$2003.51 阈值=2000
[2026-03-28 21:40:01] 10分钟内已发预警，跳过
[2026-03-28 21:42:01] ETH=$2030.79 阈值=2000
[2026-03-28 21:42:01] 10分钟内已发预警，跳过
[2026-03-28 21:44:01] ETH=$2026.97 阈值=2000
[2026-03-28 21:44:01] 10分钟内已发预警，跳过
[2026-03-28 21:46:01] ETH=$2025.03 阈值=2000
[2026-03-28 21:46:02] ✅ 预警已发送：ETH=$2025.03
[2026-03-28 21:48:01] ETH=$2026.7 阈值=2000
[2026-03-28 21:48:01] 10分钟内已发预警，跳过
[2026-03-28 21:50:01] ETH=$2024.17 阈值=2000
[2026-03-28 21:50:01] 10分钟内已发预警，跳过
[2026-03-28 21:52:02] ETH=$2021.48 阈值=2000
[2026-03-28 21:52:02] 10分钟内已发预警，跳过
[2026-03-28 21:54:01] ETH=$2025.61 阈值=2000
[2026-03-28 21:54:01] 10分钟内已发预警，跳过
[2026-03-28 21:56:01] ETH=$2022.8 阈值=2000
[2026-03-28 21:56:01] 10分钟内已发预警，跳过
[2026-03-28 21:58:01] ETH=$2024.64 阈值=2000
[2026-03-28 21:58:02] ✅ 预警已发送：ETH=$2024.64
[2026-03-28 22:00:01] ETH=$2025.55 阈值=2000
[2026-03-28 22:00:01] 10分钟内已发预警，跳过
[2026-03-28 22:02:01] ETH=$2018.95 阈值=2000
[2026-03-28 22:02:01] 10分钟内已发预警，跳过
[2026-03-28 22:04:01] ETH=$2020.89 阈值=2000
[2026-03-28 22:04:01] 10分钟内已发预警，跳过
[2026-03-28 22:06:02] ETH=$2022.3 阈值=2000
[2026-03-28 22:06:02] 10分钟内已发预警，跳过
[2026-03-28 22:08:01] ETH=$2023.0 阈值=2000
[2026-03-28 22:08:01] 10分钟内已发预警，跳过
[2026-03-28 22:10:01] ETH=$2023.26 阈值=2000
[2026-03-28 22:10:01] ✅ 预警已发送：ETH=$2023.26
[2026-03-28 22:12:02] ETH=$2023.58 阈值=2000
[2026-03-28 22:12:02] 10分钟内已发预警，跳过
[2026-03-28 22:14:01] ETH=$2022.8 阈值=2000
[2026-03-28 22:14:01] 10分钟内已发预警，跳过
[2026-03-28 22:16:01] ETH=$2019.65 阈值=2000
[2026-03-28 22:16:01] 10分钟内已发预警，跳过
[2026-03-28 22:18:01] ETH=$2023.0 阈值=2000
[2026-03-28 22:18:01] 10分钟内已发预警，跳过
[2026-03-28 22:20:02] ETH=$2025.09 阈值=2000
[2026-03-28 22:20:02] ✅ 预警已发送：ETH=$2025.09
[2026-03-28 22:22:01] ETH=$2024.16 阈值=2000
[2026-03-28 22:22:01] 10分钟内已发预警，跳过
[2026-03-28 22:24:01] ETH=$2024.99 阈值=2000
[2026-03-28 22:24:01] 10分钟内已发预警，跳过
[2026-03-28 22:26:02] ETH=$2022.56 阈值=2000
[2026-03-28 22:26:02] 10分钟内已发预警，跳过
[2026-03-28 22:28:01] ETH=$2023.16 阈值=2000
[2026-03-28 22:28:01] 10分钟内已发预警，跳过
[2026-03-28 22:30:01] ETH=$2023.41 阈值=2000
[2026-03-28 22:30:01] 10分钟内已发预警，跳过
[2026-03-28 22:32:01] ETH=$2025.35 阈值=2000
[2026-03-28 22:32:01] ✅ 预警已发送：ETH=$2025.35
[2026-03-28 22:34:01] ETH=$2025.61 阈值=2000
[2026-03-28 22:34:01] 10分钟内已发预警，跳过
[2026-03-28 22:36:01] ETH=$2022.68 阈值=2000
[2026-03-28 22:36:01] 10分钟内已发预警，跳过
[2026-03-28 22:38:01] ETH=$2022.75 阈值=2000
[2026-03-28 22:38:01] 10分钟内已发预警，跳过
[2026-03-28 22:40:01] ETH=$2023.66 阈值=2000
[2026-03-28 22:40:02] 10分钟内已发预警，跳过
[2026-03-28 22:42:01] ETH=$2023.49 阈值=2000
[2026-03-28 22:42:01] ✅ 预警已发送：ETH=$2023.49
[2026-03-28 22:44:01] ETH=$2025.71 阈值=2000
[2026-03-28 22:44:01] 10分钟内已发预警，跳过
[2026-03-28 22:46:01] ETH=$2026.81 阈值=2000
[2026-03-28 22:46:01] 10分钟内已发预警，跳过
[2026-03-28 22:48:01] ETH=$2025.11 阈值=2000
[2026-03-28 22:48:02] 10分钟内已发预警，跳过
[2026-03-28 22:50:01] ETH=$2025.05 阈值=2000
[2026-03-28 22:50:01] 10分钟内已发预警，跳过
[2026-03-28 22:52:01] ETH=$2023.46 阈值=2000
[2026-03-28 22:52:01] ✅ 预警已发送：ETH=$2023.46
[2026-03-28 22:54:02] ETH=$2022.6 阈值=2000
[2026-03-28 22:54:02] 10分钟内已发预警，跳过
[2026-03-28 22:56:01] ETH=$2017.81 阈值=2000
[2026-03-28 22:56:01] 10分钟内已发预警，跳过
[2026-03-28 22:58:01] ETH=$2019.7 阈值=2000
[2026-03-28 22:58:01] 10分钟内已发预警，跳过
[2026-03-28 23:00:01] ETH=$2020.07 阈值=2000
[2026-03-28 23:00:01] 10分钟内已发预警，跳过
[2026-03-28 23:02:02] ETH=$2018.5 阈值=2000
[2026-03-28 23:02:02] ✅ 预警已发送：ETH=$2018.5
[2026-03-28 23:04:01] ETH=$2019.65 阈值=2000
[2026-03-28 23:04:01] 10分钟内已发预警，跳过
[2026-03-28 23:06:01] ETH=$2017.62 阈值=2000
[2026-03-28 23:06:01] 10分钟内已发预警，跳过
[2026-03-28 23:08:02] ETH=$2018.53 阈值=2000
[2026-03-28 23:08:02] 10分钟内已发预警，跳过
[2026-03-28 23:10:01] ETH=$2018.07 阈值=2000
[2026-03-28 23:10:01] 10分钟内已发预警，跳过
[2026-03-28 23:12:01] ETH=$2019.3 阈值=2000
[2026-03-28 23:12:01] 10分钟内已发预警，跳过
[2026-03-28 23:14:01] ETH=$2021.82 阈值=2000
[2026-03-28 23:14:02] ✅ 预警已发送：ETH=$2021.82
[2026-03-28 23:16:01] ETH=$2021.68 阈值=2000
[2026-03-28 23:16:01] 10分钟内已发预警，跳过
[2026-03-28 23:18:01] ETH=$2026.88 阈值=2000
[2026-03-28 23:18:01] 10分钟内已发预警，跳过
[2026-03-28 23:20:01] ETH=$2026.65 阈值=2000
[2026-03-28 23:20:01] 10分钟内已发预警，跳过
[2026-03-28 23:22:01] ETH=$2031.94 阈值=2000
[2026-03-28 23:22:01] 10分钟内已发预警，跳过
[2026-03-28 23:24:02] ETH=$2033.19 阈值=2000
[2026-03-28 23:24:02] ✅ 预警已发送：ETH=$2033.19
[2026-03-28 23:26:01] ETH=$2029.7 阈值=2000
[2026-03-28 23:26:01] 10分钟内已发预警，跳过
[2026-03-28 23:28:02] ETH=$2026.71 阈值=2000
[2026-03-28 23:28:02] 10分钟内已发预警，跳过
[2026-03-28 23:30:01] ETH=$2027.48 阈值=2000
[2026-03-28 23:30:01] 10分钟内已发预警，跳过
[2026-03-28 23:32:01] ETH=$2027.31 阈值=2000
[2026-03-28 23:32:01] 10分钟内已发预警，跳过
[2026-03-28 23:34:01] ETH=$2029.13 阈值=2000
[2026-03-28 23:34:01] 10分钟内已发预警，跳过
[2026-03-28 23:36:01] ETH=$2025.27 阈值=2000
[2026-03-28 23:36:02] ✅ 预警已发送：ETH=$2025.27
[2026-03-28 23:38:01] ETH=$2024.23 阈值=2000
[2026-03-28 23:38:01] 10分钟内已发预警，跳过
[2026-03-28 23:40:01] ETH=$2025.18 阈值=2000
[2026-03-28 23:40:01] 10分钟内已发预警，跳过
[2026-03-28 23:42:02] ETH=$2024.99 阈值=2000
[2026-03-28 23:42:02] 10分钟内已发预警，跳过
[2026-03-28 23:44:01] ETH=$2026.24 阈值=2000
[2026-03-28 23:44:01] 10分钟内已发预警，跳过
[2026-03-28 23:46:01] ETH=$2028.13 阈值=2000
[2026-03-28 23:46:01] 10分钟内已发预警，跳过
[2026-03-28 23:48:01] ETH=$2025.79 阈值=2000
[2026-03-28 23:48:02] ✅ 预警已发送：ETH=$2025.79
[2026-03-28 23:50:01] ETH=$2025.32 阈值=2000
[2026-03-28 23:50:01] 10分钟内已发预警，跳过
[2026-03-28 23:52:01] ETH=$2024.27 阈值=2000
[2026-03-28 23:52:01] 10分钟内已发预警，跳过
[2026-03-28 23:54:01] ETH=$2024.13 阈值=2000
[2026-03-28 23:54:01] 10分钟内已发预警，跳过
[2026-03-28 23:56:02] ETH=$2024.06 阈值=2000
[2026-03-28 23:56:02] 10分钟内已发预警，跳过
[2026-03-28 23:58:01] ETH=$2024.5 阈值=2000
[2026-03-28 23:58:01] 10分钟内已发预警，跳过
[2026-03-29 00:00:01] ETH=$2026.29 阈值=2000
[2026-03-29 00:00:01] ✅ 预警已发送：ETH=$2026.29
[2026-03-29 00:02:01] ETH=$2025.45 阈值=2000
[2026-03-29 00:02:01] 10分钟内已发预警，跳过
[2026-03-29 00:04:01] ETH=$2023.9 阈值=2000
[2026-03-29 00:04:01] 10分钟内已发预警，跳过
[2026-03-29 00:06:02] ETH=$2025.09 阈值=2000
[2026-03-29 00:06:02] 10分钟内已发预警，跳过
[2026-03-29 00:08:01] ETH=$2027.92 阈值=2000
[2026-03-29 00:08:01] 10分钟内已发预警，跳过
[2026-03-29 00:10:01] ETH=$2027.5 阈值=2000
[2026-03-29 00:10:01] ✅ 预警已发送：ETH=$2027.5
[2026-03-29 00:12:02] ETH=$2026.74 阈值=2000
[2026-03-29 00:12:02] 10分钟内已发预警，跳过
[2026-03-29 00:14:01] ETH=$2026.8 阈值=2000
[2026-03-29 00:14:01] 10分钟内已发预警，跳过
[2026-03-29 00:16:01] ETH=$2027.35 阈值=2000
[2026-03-29 00:16:01] 10分钟内已发预警，跳过
[2026-03-29 00:18:01] ETH=$2027.87 阈值=2000
[2026-03-29 00:18:01] 10分钟内已发预警，跳过
[2026-03-29 00:20:01] ETH=$2028.92 阈值=2000
[2026-03-29 00:20:02] ✅ 预警已发送：ETH=$2028.92
[2026-03-29 00:22:01] ETH=$2027.57 阈值=2000
[2026-03-29 00:22:01] 10分钟内已发预警，跳过
[2026-03-29 00:24:01] ETH=$2026.71 阈值=2000
[2026-03-29 00:24:01] 10分钟内已发预警，跳过
[2026-03-29 00:26:01] ETH=$2027.42 阈值=2000
[2026-03-29 00:26:01] 10分钟内已发预警，跳过
[2026-03-29 00:28:02] ETH=$2027.55 阈值=2000
[2026-03-29 00:28:02] 10分钟内已发预警，跳过
[2026-03-29 00:30:01] ETH=$2027.56 阈值=2000
[2026-03-29 00:30:01] 10分钟内已发预警，跳过
[2026-03-29 00:32:01] ETH=$2026.01 阈值=2000
[2026-03-29 00:32:01] ✅ 预警已发送：ETH=$2026.01
[2026-03-29 00:34:02] ETH=$2025.85 阈值=2000
[2026-03-29 00:34:02] 10分钟内已发预警，跳过
[2026-03-29 00:36:01] ETH=$2025.41 阈值=2000
[2026-03-29 00:36:01] 10分钟内已发预警，跳过
[2026-03-29 00:38:01] ETH=$2025.39 阈值=2000
[2026-03-29 00:38:01] 10分钟内已发预警，跳过
[2026-03-29 00:40:01] ETH=$2022.89 阈值=2000
[2026-03-29 00:40:01] 10分钟内已发预警，跳过
[2026-03-29 00:42:02] ETH=$2023.18 阈值=2000
[2026-03-29 00:42:02] ✅ 预警已发送：ETH=$2023.18
[2026-03-29 00:44:01] ETH=$2022.61 阈值=2000
[2026-03-29 00:44:01] 10分钟内已发预警，跳过
[2026-03-29 00:46:01] ETH=$2022.89 阈值=2000
[2026-03-29 00:46:01] 10分钟内已发预警，跳过
[2026-03-29 00:48:02] ETH=$2024.23 阈值=2000
[2026-03-29 00:48:02] 10分钟内已发预警，跳过
[2026-03-29 00:50:01] ETH=$2023.31 阈值=2000
[2026-03-29 00:50:01] 10分钟内已发预警，跳过
[2026-03-29 00:52:01] ETH=$2022.6 阈值=2000
[2026-03-29 00:52:01] 10分钟内已发预警，跳过
[2026-03-29 00:54:01] ETH=$2021.2 阈值=2000
[2026-03-29 00:54:02] ✅ 预警已发送：ETH=$2021.2
[2026-03-29 00:56:01] ETH=$2022.09 阈值=2000
[2026-03-29 00:56:01] 10分钟内已发预警，跳过
[2026-03-29 00:58:01] ETH=$2023.94 阈值=2000
[2026-03-29 00:58:01] 10分钟内已发预警，跳过
[2026-03-29 01:00:02] ETH=$2023.46 阈值=2000
[2026-03-29 01:00:02] 10分钟内已发预警，跳过
[2026-03-29 01:02:01] ETH=$2024.5 阈值=2000
[2026-03-29 01:02:01] 10分钟内已发预警，跳过
[2026-03-29 01:04:01] ETH=$2025.28 阈值=2000
[2026-03-29 01:04:01] 10分钟内已发预警，跳过
[2026-03-29 01:06:01] ETH=$2025.01 阈值=2000
[2026-03-29 01:06:02] ✅ 预警已发送：ETH=$2025.01
[2026-03-29 01:08:01] ETH=$2022.72 阈值=2000
[2026-03-29 01:08:01] 10分钟内已发预警，跳过
[2026-03-29 01:10:01] ETH=$2021.81 阈值=2000
[2026-03-29 01:10:01] 10分钟内已发预警，跳过
[2026-03-29 01:12:01] ETH=$2022.9 阈值=2000
[2026-03-29 01:12:01] 10分钟内已发预警，跳过
[2026-03-29 01:14:01] ETH=$2022.55 阈值=2000
[2026-03-29 01:14:02] 10分钟内已发预警，跳过
[2026-03-29 01:16:01] ETH=$2022.24 阈值=2000
[2026-03-29 01:16:02] ✅ 预警已发送：ETH=$2022.24
[2026-03-29 01:18:01] ETH=$2021.32 阈值=2000
[2026-03-29 01:18:01] 10分钟内已发预警，跳过
[2026-03-29 01:20:01] ETH=$2021.99 阈值=2000
[2026-03-29 01:20:01] 10分钟内已发预警，跳过
[2026-03-29 01:22:02] ETH=$2021.1 阈值=2000
[2026-03-29 01:22:02] 10分钟内已发预警，跳过
[2026-03-29 01:24:01] ETH=$2022.36 阈值=2000
[2026-03-29 01:24:01] 10分钟内已发预警，跳过
[2026-03-29 01:26:01] ETH=$2021.8 阈值=2000
[2026-03-29 01:26:01] 10分钟内已发预警，跳过
[2026-03-29 01:28:01] ETH=$2020.56 阈值=2000
[2026-03-29 01:28:02] ✅ 预警已发送：ETH=$2020.56
[2026-03-29 01:30:01] ETH=$2020.41 阈值=2000
[2026-03-29 01:30:01] 10分钟内已发预警，跳过
[2026-03-29 01:32:01] ETH=$2018.12 阈值=2000
[2026-03-29 01:32:01] 10分钟内已发预警，跳过
[2026-03-29 01:34:02] ETH=$2018.11 阈值=2000
[2026-03-29 01:34:02] 10分钟内已发预警，跳过
[2026-03-29 01:36:01] ETH=$2017.16 阈值=2000
[2026-03-29 01:36:01] 10分钟内已发预警，跳过
[2026-03-29 01:38:01] ETH=$2021.01 阈值=2000
[2026-03-29 01:38:01] 10分钟内已发预警，跳过
[2026-03-29 01:40:01] ETH=$2020.66 阈值=2000
[2026-03-29 01:40:02] ✅ 预警已发送：ETH=$2020.66
[2026-03-29 01:42:01] ETH=$2020.68 阈值=2000
[2026-03-29 01:42:01] 10分钟内已发预警，跳过
[2026-03-29 01:44:01] ETH=$2020.9 阈值=2000
[2026-03-29 01:44:01] 10分钟内已发预警，跳过
[2026-03-29 01:46:01] ETH=$2019.33 阈值=2000
[2026-03-29 01:46:01] 10分钟内已发预警，跳过
[2026-03-29 01:48:01] ETH=$2019.48 阈值=2000
[2026-03-29 01:48:01] 10分钟内已发预警，跳过
[2026-03-29 01:50:02] ETH=$2018.14 阈值=2000
[2026-03-29 01:50:02] ✅ 预警已发送：ETH=$2018.14
[2026-03-29 01:52:01] ETH=$2018.71 阈值=2000
[2026-03-29 01:52:01] 10分钟内已发预警，跳过
[2026-03-29 01:54:01] ETH=$2018.92 阈值=2000
[2026-03-29 01:54:02] 10分钟内已发预警，跳过
[2026-03-29 01:56:01] ETH=$2019.73 阈值=2000
[2026-03-29 01:56:01] 10分钟内已发预警，跳过
[2026-03-29 01:58:01] ETH=$2020.48 阈值=2000
[2026-03-29 01:58:01] 10分钟内已发预警，跳过
[2026-03-29 02:00:01] ETH=$2019.97 阈值=2000
[2026-03-29 02:00:01] 10分钟内已发预警，跳过
[2026-03-29 02:02:01] ETH=$2019.99 阈值=2000
[2026-03-29 02:02:02] ✅ 预警已发送：ETH=$2019.99
[2026-03-29 02:04:01] ETH=$2021.38 阈值=2000
[2026-03-29 02:04:01] 10分钟内已发预警，跳过
[2026-03-29 02:06:01] ETH=$2021.37 阈值=2000
[2026-03-29 02:06:01] 10分钟内已发预警，跳过
[2026-03-29 02:08:01] ETH=$2021.4 阈值=2000
[2026-03-29 02:08:01] 10分钟内已发预警，跳过
[2026-03-29 02:10:02] ETH=$2021.7 阈值=2000
[2026-03-29 02:10:02] 10分钟内已发预警，跳过
[2026-03-29 02:12:01] ETH=$2022.44 阈值=2000
[2026-03-29 02:12:01] 10分钟内已发预警，跳过
[2026-03-29 02:14:01] ETH=$2023.39 阈值=2000
[2026-03-29 02:14:02] ✅ 预警已发送：ETH=$2023.39
[2026-03-29 02:16:01] ETH=$2023.25 阈值=2000
[2026-03-29 02:16:01] 10分钟内已发预警，跳过
[2026-03-29 02:18:01] ETH=$2022.26 阈值=2000
[2026-03-29 02:18:01] 10分钟内已发预警，跳过
[2026-03-29 02:20:01] ETH=$2022.37 阈值=2000
[2026-03-29 02:20:01] 10分钟内已发预警，跳过
[2026-03-29 02:22:01] ETH=$2022.7 阈值=2000
[2026-03-29 02:22:01] 10分钟内已发预警，跳过
[2026-03-29 02:24:02] ETH=$2021.74 阈值=2000
[2026-03-29 02:24:02] ✅ 预警已发送：ETH=$2021.74
[2026-03-29 02:26:01] ETH=$2021.93 阈值=2000
[2026-03-29 02:26:01] 10分钟内已发预警，跳过
[2026-03-29 02:28:01] ETH=$2022.19 阈值=2000
[2026-03-29 02:28:01] 10分钟内已发预警，跳过
[2026-03-29 02:30:01] ETH=$2021.1 阈值=2000
[2026-03-29 02:30:01] 10分钟内已发预警，跳过
[2026-03-29 02:32:02] ETH=$2020.99 阈值=2000
[2026-03-29 02:32:02] 10分钟内已发预警，跳过
[2026-03-29 02:34:01] ETH=$2021.25 阈值=2000
[2026-03-29 02:34:01] 10分钟内已发预警，跳过
[2026-03-29 02:36:01] ETH=$2020.69 阈值=2000
[2026-03-29 02:36:02] ✅ 预警已发送：ETH=$2020.69
[2026-03-29 02:38:01] ETH=$2019.88 阈值=2000
[2026-03-29 02:38:01] 10分钟内已发预警，跳过
[2026-03-29 02:40:01] ETH=$2020.95 阈值=2000
[2026-03-29 02:40:01] 10分钟内已发预警，跳过
[2026-03-29 02:42:01] ETH=$2022.16 阈值=2000
[2026-03-29 02:42:01] 10分钟内已发预警，跳过
[2026-03-29 02:44:02] ETH=$2022.15 阈值=2000
[2026-03-29 02:44:02] 10分钟内已发预警，跳过
[2026-03-29 02:46:01] ETH=$2021.56 阈值=2000
[2026-03-29 02:46:01] 10分钟内已发预警，跳过
[2026-03-29 02:48:01] ETH=$2020.64 阈值=2000
[2026-03-29 02:48:01] ✅ 预警已发送：ETH=$2020.64
[2026-03-29 02:50:02] ETH=$2021.67 阈值=2000
[2026-03-29 02:50:02] 10分钟内已发预警，跳过
[2026-03-29 02:52:01] ETH=$2021.69 阈值=2000
[2026-03-29 02:52:01] 10分钟内已发预警，跳过
[2026-03-29 02:54:01] ETH=$2021.43 阈值=2000
[2026-03-29 02:54:01] 10分钟内已发预警，跳过
[2026-03-29 02:56:01] ETH=$2021.6 阈值=2000
[2026-03-29 02:56:01] 10分钟内已发预警，跳过
[2026-03-29 02:58:01] ETH=$2021.51 阈值=2000
[2026-03-29 02:58:02] ✅ 预警已发送：ETH=$2021.51
[2026-03-29 03:00:01] ETH=$2020.67 阈值=2000
[2026-03-29 03:00:01] 10分钟内已发预警，跳过
[2026-03-29 03:02:01] ETH=$2020.47 阈值=2000
[2026-03-29 03:02:01] 10分钟内已发预警，跳过
[2026-03-29 03:04:01] ETH=$2021.65 阈值=2000
[2026-03-29 03:04:01] 10分钟内已发预警，跳过
[2026-03-29 03:06:01] ETH=$2020.5 阈值=2000
[2026-03-29 03:06:01] 10分钟内已发预警，跳过
[2026-03-29 03:08:01] ETH=$2021.19 阈值=2000
[2026-03-29 03:08:01] 10分钟内已发预警，跳过
[2026-03-29 03:10:01] ETH=$2021.24 阈值=2000
[2026-03-29 03:10:02] ✅ 预警已发送：ETH=$2021.24
[2026-03-29 03:12:01] ETH=$2018.61 阈值=2000
[2026-03-29 03:12:01] 10分钟内已发预警，跳过
[2026-03-29 03:14:01] ETH=$2017.42 阈值=2000
[2026-03-29 03:14:01] 10分钟内已发预警，跳过
[2026-03-29 03:16:01] ETH=$2017.0 阈值=2000
[2026-03-29 03:16:02] 10分钟内已发预警，跳过
[2026-03-29 03:18:01] ETH=$2018.75 阈值=2000
[2026-03-29 03:18:01] 10分钟内已发预警，跳过
[2026-03-29 03:20:01] ETH=$2019.48 阈值=2000
[2026-03-29 03:20:01] 10分钟内已发预警，跳过
[2026-03-29 03:22:01] ETH=$2018.76 阈值=2000
[2026-03-29 03:22:02] ✅ 预警已发送：ETH=$2018.76
[2026-03-29 03:24:01] ETH=$2019.1 阈值=2000
[2026-03-29 03:24:01] 10分钟内已发预警，跳过
[2026-03-29 03:26:01] ETH=$2019.23 阈值=2000
[2026-03-29 03:26:01] 10分钟内已发预警，跳过
[2026-03-29 03:28:01] ETH=$2019.07 阈值=2000
[2026-03-29 03:28:01] 10分钟内已发预警，跳过
[2026-03-29 03:30:02] ETH=$2019.2 阈值=2000
[2026-03-29 03:30:02] 10分钟内已发预警，跳过
[2026-03-29 03:32:02] ETH=$2019.46 阈值=2000
[2026-03-29 03:32:02] ✅ 预警已发送：ETH=$2019.46
[2026-03-29 03:34:01] ETH=$2018.66 阈值=2000
[2026-03-29 03:34:01] 10分钟内已发预警，跳过
[2026-03-29 03:36:01] ETH=$2019.09 阈值=2000
[2026-03-29 03:36:01] 10分钟内已发预警，跳过
[2026-03-29 03:38:02] ETH=$2019.0 阈值=2000
[2026-03-29 03:38:02] 10分钟内已发预警，跳过
[2026-03-29 03:40:01] ETH=$2019.0 阈值=2000
[2026-03-29 03:40:01] 10分钟内已发预警，跳过
[2026-03-29 03:42:01] ETH=$2020.0 阈值=2000
[2026-03-29 03:42:01] 10分钟内已发预警，跳过
[2026-03-29 03:44:01] ETH=$2018.67 阈值=2000
[2026-03-29 03:44:02] ✅ 预警已发送：ETH=$2018.67
[2026-03-29 03:46:01] ETH=$2019.25 阈值=2000
[2026-03-29 03:46:01] 10分钟内已发预警，跳过
[2026-03-29 03:48:01] ETH=$2018.45 阈值=2000
[2026-03-29 03:48:01] 10分钟内已发预警，跳过
[2026-03-29 03:50:01] ETH=$2018.06 阈值=2000
[2026-03-29 03:50:01] 10分钟内已发预警，跳过
[2026-03-29 03:52:01] ETH=$2018.65 阈值=2000
[2026-03-29 03:52:01] 10分钟内已发预警，跳过
[2026-03-29 03:54:02] ETH=$2018.9 阈值=2000
[2026-03-29 03:54:02] ✅ 预警已发送：ETH=$2018.9
[2026-03-29 03:56:01] ETH=$2018.77 阈值=2000
[2026-03-29 03:56:01] 10分钟内已发预警，跳过
[2026-03-29 03:58:01] ETH=$2019.21 阈值=2000
[2026-03-29 03:58:02] 10分钟内已发预警，跳过
[2026-03-29 04:00:01] ETH=$2019.7 阈值=2000
[2026-03-29 04:00:01] 10分钟内已发预警，跳过
[2026-03-29 04:02:01] ETH=$2022.07 阈值=2000
[2026-03-29 04:02:01] 10分钟内已发预警，跳过
[2026-03-29 04:04:01] ETH=$2022.99 阈值=2000
[2026-03-29 04:04:01] 10分钟内已发预警，跳过
[2026-03-29 04:06:01] ETH=$2022.8 阈值=2000
[2026-03-29 04:06:02] ✅ 预警已发送：ETH=$2022.8
[2026-03-29 04:08:01] ETH=$2023.55 阈值=2000
[2026-03-29 04:08:01] 10分钟内已发预警，跳过
[2026-03-29 04:10:01] ETH=$2023.92 阈值=2000
[2026-03-29 04:10:01] 10分钟内已发预警，跳过
[2026-03-29 04:12:02] ETH=$2024.16 阈值=2000
[2026-03-29 04:12:02] 10分钟内已发预警，跳过
[2026-03-29 04:14:01] ETH=$2023.94 阈值=2000
[2026-03-29 04:14:01] 10分钟内已发预警，跳过
[2026-03-29 04:16:01] ETH=$2025.01 阈值=2000
[2026-03-29 04:16:01] 10分钟内已发预警，跳过
[2026-03-29 04:18:01] ETH=$2024.99 阈值=2000
[2026-03-29 04:18:02] ✅ 预警已发送：ETH=$2024.99
[2026-03-29 04:20:01] ETH=$2022.81 阈值=2000
[2026-03-29 04:20:01] 10分钟内已发预警，跳过
[2026-03-29 04:22:01] ETH=$2023.95 阈值=2000
[2026-03-29 04:22:01] 10分钟内已发预警，跳过
[2026-03-29 04:24:01] ETH=$2022.5 阈值=2000
[2026-03-29 04:24:01] 10分钟内已发预警，跳过
[2026-03-29 04:26:01] ETH=$2022.71 阈值=2000
[2026-03-29 04:26:02] 10分钟内已发预警，跳过
[2026-03-29 04:28:01] ETH=$2022.82 阈值=2000
[2026-03-29 04:28:01] 10分钟内已发预警，跳过
[2026-03-29 04:30:01] ETH=$2022.79 阈值=2000
[2026-03-29 04:30:01] ✅ 预警已发送：ETH=$2022.79
[2026-03-29 04:32:01] ETH=$2022.55 阈值=2000
[2026-03-29 04:32:01] 10分钟内已发预警，跳过
[2026-03-29 04:34:01] ETH=$2023.12 阈值=2000
[2026-03-29 04:34:01] 10分钟内已发预警，跳过
[2026-03-29 04:36:02] ETH=$2022.08 阈值=2000
[2026-03-29 04:36:02] 10分钟内已发预警，跳过
[2026-03-29 04:38:01] ETH=$2022.8 阈值=2000
[2026-03-29 04:38:01] 10分钟内已发预警，跳过
[2026-03-29 04:40:01] ETH=$2022.29 阈值=2000
[2026-03-29 04:40:02] ✅ 预警已发送：ETH=$2022.29
[2026-03-29 04:42:01] ETH=$2021.92 阈值=2000
[2026-03-29 04:42:01] 10分钟内已发预警，跳过
[2026-03-29 04:44:01] ETH=$2021.3 阈值=2000
[2026-03-29 04:44:01] 10分钟内已发预警，跳过
[2026-03-29 04:46:01] ETH=$2022.23 阈值=2000
[2026-03-29 04:46:01] 10分钟内已发预警，跳过
[2026-03-29 04:48:01] ETH=$2022.98 阈值=2000
[2026-03-29 04:48:01] 10分钟内已发预警，跳过
[2026-03-29 04:50:01] ETH=$2022.19 阈值=2000
[2026-03-29 04:50:01] 10分钟内已发预警，跳过
[2026-03-29 04:52:01] ETH=$2022.79 阈值=2000
[2026-03-29 04:52:01] ✅ 预警已发送：ETH=$2022.79
[2026-03-29 04:54:01] ETH=$2023.04 阈值=2000
[2026-03-29 04:54:01] 10分钟内已发预警，跳过
[2026-03-29 04:56:01] ETH=$2022.91 阈值=2000
[2026-03-29 04:56:01] 10分钟内已发预警，跳过
[2026-03-29 04:58:01] ETH=$2023.61 阈值=2000
[2026-03-29 04:58:01] 10分钟内已发预警，跳过
[2026-03-29 05:00:01] ETH=$2023.55 阈值=2000
[2026-03-29 05:00:01] 10分钟内已发预警，跳过
[2026-03-29 05:02:02] ETH=$2023.68 阈值=2000
[2026-03-29 05:02:02] ✅ 预警已发送：ETH=$2023.68
[2026-03-29 05:04:01] ETH=$2024.06 阈值=2000
[2026-03-29 05:04:01] 10分钟内已发预警，跳过
[2026-03-29 05:06:01] ETH=$2024.23 阈值=2000
[2026-03-29 05:06:01] 10分钟内已发预警，跳过
[2026-03-29 05:08:02] ETH=$2021.91 阈值=2000
[2026-03-29 05:08:02] 10分钟内已发预警，跳过
[2026-03-29 05:10:01] ETH=$2019.75 阈值=2000
[2026-03-29 05:10:01] 10分钟内已发预警，跳过
[2026-03-29 05:12:01] ETH=$2019.66 阈值=2000
[2026-03-29 05:12:01] 10分钟内已发预警，跳过
[2026-03-29 05:14:01] ETH=$2021.62 阈值=2000
[2026-03-29 05:14:02] ✅ 预警已发送：ETH=$2021.62
[2026-03-29 05:16:01] ETH=$2022.06 阈值=2000
[2026-03-29 05:16:01] 10分钟内已发预警，跳过
[2026-03-29 05:18:01] ETH=$2020.5 阈值=2000
[2026-03-29 05:18:01] 10分钟内已发预警，跳过
[2026-03-29 05:20:01] ETH=$2020.08 阈值=2000
[2026-03-29 05:20:01] 10分钟内已发预警，跳过
[2026-03-29 05:22:01] ETH=$2018.99 阈值=2000
[2026-03-29 05:22:02] 10分钟内已发预警，跳过
[2026-03-29 05:24:01] ETH=$2018.15 阈值=2000
[2026-03-29 05:24:01] 10分钟内已发预警，跳过
[2026-03-29 05:26:01] ETH=$2019.19 阈值=2000
[2026-03-29 05:26:01] ✅ 预警已发送：ETH=$2019.19
[2026-03-29 05:28:02] ETH=$2018.85 阈值=2000
[2026-03-29 05:28:02] 10分钟内已发预警，跳过
[2026-03-29 05:30:01] ETH=$2018.57 阈值=2000
[2026-03-29 05:30:01] 10分钟内已发预警，跳过
[2026-03-29 05:32:01] ETH=$2017.11 阈值=2000
[2026-03-29 05:32:01] 10分钟内已发预警，跳过
[2026-03-29 05:34:01] ETH=$2017.41 阈值=2000
[2026-03-29 05:34:01] 10分钟内已发预警，跳过
[2026-03-29 05:36:01] ETH=$2017.44 阈值=2000
[2026-03-29 05:36:02] ✅ 预警已发送：ETH=$2017.44
[2026-03-29 05:38:01] ETH=$2018.3 阈值=2000
[2026-03-29 05:38:01] 10分钟内已发预警，跳过
[2026-03-29 05:40:01] ETH=$2017.5 阈值=2000
[2026-03-29 05:40:01] 10分钟内已发预警，跳过
[2026-03-29 05:42:01] ETH=$2018.12 阈值=2000
[2026-03-29 05:42:01] 10分钟内已发预警，跳过
[2026-03-29 05:44:02] ETH=$2018.81 阈值=2000
[2026-03-29 05:44:02] 10分钟内已发预警，跳过
[2026-03-29 05:46:01] ETH=$2016.73 阈值=2000
[2026-03-29 05:46:01] 10分钟内已发预警，跳过
[2026-03-29 05:48:01] ETH=$2016.33 阈值=2000
[2026-03-29 05:48:02] ✅ 预警已发送：ETH=$2016.33
[2026-03-29 05:50:01] ETH=$2015.5 阈值=2000
[2026-03-29 05:50:01] 10分钟内已发预警，跳过
[2026-03-29 05:52:01] ETH=$2015.16 阈值=2000
[2026-03-29 05:52:01] 10分钟内已发预警，跳过
[2026-03-29 05:54:01] ETH=$2008.51 阈值=2000
[2026-03-29 05:54:01] 10分钟内已发预警，跳过
[2026-03-29 05:56:02] ETH=$2009.61 阈值=2000
[2026-03-29 05:56:02] 10分钟内已发预警，跳过
[2026-03-29 05:58:01] ETH=$2008.89 阈值=2000
[2026-03-29 05:58:01] 10分钟内已发预警，跳过
[2026-03-29 06:00:01] ETH=$2008.56 阈值=2000
[2026-03-29 06:00:02] ✅ 预警已发送：ETH=$2008.56
[2026-03-29 06:02:01] ETH=$2007.01 阈值=2000
[2026-03-29 06:02:01] 10分钟内已发预警，跳过
[2026-03-29 06:04:01] ETH=$2009.7 阈值=2000
[2026-03-29 06:04:01] 10分钟内已发预警，跳过
[2026-03-29 06:06:01] ETH=$2009.99 阈值=2000
[2026-03-29 06:06:02] 10分钟内已发预警，跳过
[2026-03-29 06:08:01] ETH=$2009.56 阈值=2000
[2026-03-29 06:08:01] 10分钟内已发预警，跳过
[2026-03-29 06:10:01] ETH=$2006.74 阈值=2000
[2026-03-29 06:10:01] 10分钟内已发预警，跳过
[2026-03-29 06:12:01] ETH=$2007.33 阈值=2000
[2026-03-29 06:12:02] ✅ 预警已发送：ETH=$2007.33
[2026-03-29 06:14:01] ETH=$2007.43 阈值=2000
[2026-03-29 06:14:01] 10分钟内已发预警，跳过
[2026-03-29 06:16:01] ETH=$2005.65 阈值=2000
[2026-03-29 06:16:01] 10分钟内已发预警，跳过
[2026-03-29 06:18:01] ETH=$2006.5 阈值=2000
[2026-03-29 06:18:01] 10分钟内已发预警，跳过
[2026-03-29 06:20:02] ETH=$2009.03 阈值=2000
[2026-03-29 06:20:02] 10分钟内已发预警，跳过
[2026-03-29 06:22:01] ETH=$2011.85 阈值=2000
[2026-03-29 06:22:01] 10分钟内已发预警，跳过
[2026-03-29 06:24:01] ETH=$2011.42 阈值=2000
[2026-03-29 06:24:01] ✅ 预警已发送：ETH=$2011.42
[2026-03-29 06:26:02] ETH=$2011.03 阈值=2000
[2026-03-29 06:26:02] 10分钟内已发预警，跳过
[2026-03-29 06:28:01] ETH=$2010.27 阈值=2000
[2026-03-29 06:28:01] 10分钟内已发预警，跳过
[2026-03-29 06:30:01] ETH=$2010.72 阈值=2000
[2026-03-29 06:30:01] 10分钟内已发预警，跳过
[2026-03-29 06:32:01] ETH=$2009.69 阈值=2000
[2026-03-29 06:32:01] 10分钟内已发预警，跳过
[2026-03-29 06:34:01] ETH=$2010.51 阈值=2000
[2026-03-29 06:34:02] ✅ 预警已发送：ETH=$2010.51
[2026-03-29 06:36:01] ETH=$2010.24 阈值=2000
[2026-03-29 06:36:01] 10分钟内已发预警，跳过
[2026-03-29 06:38:01] ETH=$2010.39 阈值=2000
[2026-03-29 06:38:01] 10分钟内已发预警，跳过
[2026-03-29 06:40:01] ETH=$2009.53 阈值=2000
[2026-03-29 06:40:01] 10分钟内已发预警，跳过
[2026-03-29 06:42:01] ETH=$2008.22 阈值=2000
[2026-03-29 06:42:01] 10分钟内已发预警，跳过
[2026-03-29 06:44:01] ETH=$2008.5 阈值=2000
[2026-03-29 06:44:01] 10分钟内已发预警，跳过
[2026-03-29 06:46:01] ETH=$2010.6 阈值=2000
[2026-03-29 06:46:01] ✅ 预警已发送：ETH=$2010.6
[2026-03-29 06:48:01] ETH=$2010.8 阈值=2000
[2026-03-29 06:48:01] 10分钟内已发预警，跳过
[2026-03-29 06:50:02] ETH=$2010.45 阈值=2000
[2026-03-29 06:50:02] 10分钟内已发预警，跳过
[2026-03-29 06:52:01] ETH=$2011.4 阈值=2000
[2026-03-29 06:52:01] 10分钟内已发预警，跳过
[2026-03-29 06:54:01] ETH=$2010.84 阈值=2000
[2026-03-29 06:54:01] 10分钟内已发预警，跳过
[2026-03-29 06:56:01] ETH=$2010.65 阈值=2000
[2026-03-29 06:56:02] ✅ 预警已发送：ETH=$2010.65
[2026-03-29 06:58:01] ETH=$2011.1 阈值=2000
[2026-03-29 06:58:01] 10分钟内已发预警，跳过
[2026-03-29 07:00:01] ETH=$2010.34 阈值=2000
[2026-03-29 07:00:01] 10分钟内已发预警，跳过
[2026-03-29 07:02:01] ETH=$2008.84 阈值=2000
[2026-03-29 07:02:01] 10分钟内已发预警，跳过
[2026-03-29 07:04:02] ETH=$2007.8 阈值=2000
[2026-03-29 07:04:02] 10分钟内已发预警，跳过
[2026-03-29 07:06:01] ETH=$2007.3 阈值=2000
[2026-03-29 07:06:01] 10分钟内已发预警，跳过
[2026-03-29 07:08:01] ETH=$2005.79 阈值=2000
[2026-03-29 07:08:01] ✅ 预警已发送：ETH=$2005.79
[2026-03-29 07:10:02] ETH=$2002.56 阈值=2000
[2026-03-29 07:10:02] 10分钟内已发预警，跳过
[2026-03-29 07:12:01] ETH=$1989.79 阈值=2000
[2026-03-29 07:12:01] ETH=$1989.79 未触发（需>2000）
[2026-03-29 07:14:01] ETH=$1994.14 阈值=2000
[2026-03-29 07:14:01] ETH=$1994.14 未触发（需>2000）
[2026-03-29 07:16:01] ETH=$1992.29 阈值=2000
[2026-03-29 07:16:01] ETH=$1992.29 未触发（需>2000）
[2026-03-29 07:18:02] ETH=$1990.95 阈值=2000
[2026-03-29 07:18:02] ETH=$1990.95 未触发（需>2000）
[2026-03-29 07:20:01] ETH=$1990.89 阈值=2000
[2026-03-29 07:20:01] ETH=$1990.89 未触发（需>2000）
[2026-03-29 07:22:01] ETH=$1994.0 阈值=2000
[2026-03-29 07:22:01] ETH=$1994.0 未触发（需>2000）
[2026-03-29 07:24:01] ETH=$1994.65 阈值=2000
[2026-03-29 07:24:01] ETH=$1994.65 未触发（需>2000）
[2026-03-29 07:26:01] ETH=$1995.3 阈值=2000
[2026-03-29 07:26:01] ETH=$1995.3 未触发（需>2000）
[2026-03-29 07:28:02] ETH=$1996.09 阈值=2000
[2026-03-29 07:28:02] ETH=$1996.09 未触发（需>2000）
[2026-03-29 07:30:01] ETH=$1995.01 阈值=2000
[2026-03-29 07:30:01] ETH=$1995.01 未触发（需>2000）
[2026-03-29 07:32:01] ETH=$1997.4 阈值=2000
[2026-03-29 07:32:01] ETH=$1997.4 未触发（需>2000）
[2026-03-29 07:34:01] ETH=$1998.0 阈值=2000
[2026-03-29 07:34:01] ETH=$1998.0 未触发（需>2000）
[2026-03-29 07:36:01] ETH=$1996.79 阈值=2000
[2026-03-29 07:36:01] ETH=$1996.79 未触发（需>2000）
[2026-03-29 07:38:02] ETH=$1996.37 阈值=2000
[2026-03-29 07:38:02] ETH=$1996.37 未触发（需>2000）
[2026-03-29 07:40:01] ETH=$1995.69 阈值=2000
[2026-03-29 07:40:01] ETH=$1995.69 未触发（需>2000）
[2026-03-29 07:42:01] ETH=$1997.69 阈值=2000
[2026-03-29 07:42:01] ETH=$1997.69 未触发（需>2000）
[2026-03-29 07:44:01] ETH=$1996.25 阈值=2000
[2026-03-29 07:44:01] ETH=$1996.25 未触发（需>2000）
[2026-03-29 07:46:01] ETH=$1994.26 阈值=2000
[2026-03-29 07:46:01] ETH=$1994.26 未触发（需>2000）
[2026-03-29 07:48:02] ETH=$1991.86 阈值=2000
[2026-03-29 07:48:02] ETH=$1991.86 未触发（需>2000）
[2026-03-29 07:50:01] ETH=$1994.07 阈值=2000
[2026-03-29 07:50:01] ETH=$1994.07 未触发（需>2000）
[2026-03-29 07:52:01] ETH=$1994.44 阈值=2000
[2026-03-29 07:52:01] ETH=$1994.44 未触发（需>2000）
[2026-03-29 07:54:01] ETH=$1994.37 阈值=2000
[2026-03-29 07:54:01] ETH=$1994.37 未触发（需>2000）
[2026-03-29 07:56:02] ETH=$1994.2 阈值=2000
[2026-03-29 07:56:02] ETH=$1994.2 未触发（需>2000）
[2026-03-29 07:58:01] ETH=$1993.19 阈值=2000
[2026-03-29 07:58:01] ETH=$1993.19 未触发（需>2000）
[2026-03-29 08:00:01] ETH=$1993.62 阈值=2000
[2026-03-29 08:00:01] ETH=$1993.62 未触发（需>2000）
[2026-03-29 08:02:01] ETH=$1994.56 阈值=2000
[2026-03-29 08:02:01] ETH=$1994.56 未触发（需>2000）
[2026-03-29 08:04:02] ETH=$1995.9 阈值=2000
[2026-03-29 08:04:02] ETH=$1995.9 未触发（需>2000）
[2026-03-29 08:06:01] ETH=$1996.75 阈值=2000
[2026-03-29 08:06:01] ETH=$1996.75 未触发（需>2000）
[2026-03-29 08:08:01] ETH=$1995.57 阈值=2000
[2026-03-29 08:08:01] ETH=$1995.57 未触发（需>2000）
[2026-03-29 08:10:01] ETH=$1993.66 阈值=2000
[2026-03-29 08:10:01] ETH=$1993.66 未触发（需>2000）
[2026-03-29 08:12:01] ETH=$1995.8 阈值=2000
[2026-03-29 08:12:01] ETH=$1995.8 未触发（需>2000）
[2026-03-29 08:14:02] ETH=$1994.72 阈值=2000
[2026-03-29 08:14:02] ETH=$1994.72 未触发（需>2000）
[2026-03-29 08:16:02] ETH=$1994.93 阈值=2000
[2026-03-29 08:16:02] ETH=$1994.93 未触发（需>2000）
[2026-03-29 08:18:01] ETH=$1996.73 阈值=2000
[2026-03-29 08:18:01] ETH=$1996.73 未触发（需>2000）
[2026-03-29 08:20:01] ETH=$1997.5 阈值=2000
[2026-03-29 08:20:01] ETH=$1997.5 未触发（需>2000）
[2026-03-29 08:22:01] ETH=$1993.23 阈值=2000
[2026-03-29 08:22:01] ETH=$1993.23 未触发（需>2000）
[2026-03-29 08:24:01] ETH=$1992.0 阈值=2000
[2026-03-29 08:24:01] ETH=$1992.0 未触发（需>2000）
[2026-03-29 08:26:02] ETH=$1991.65 阈值=2000
[2026-03-29 08:26:02] ETH=$1991.65 未触发（需>2000）
[2026-03-29 08:28:01] ETH=$1992.18 阈值=2000
[2026-03-29 08:28:01] ETH=$1992.18 未触发（需>2000）
[2026-03-29 08:30:01] ETH=$1992.61 阈值=2000
[2026-03-29 08:30:01] ETH=$1992.61 未触发（需>2000）
[2026-03-29 08:32:01] ETH=$1994.68 阈值=2000
[2026-03-29 08:32:01] ETH=$1994.68 未触发（需>2000）
[2026-03-29 08:34:01] ETH=$1995.1 阈值=2000
[2026-03-29 08:34:01] ETH=$1995.1 未触发（需>2000）
[2026-03-29 08:36:01] ETH=$1995.11 阈值=2000
[2026-03-29 08:36:01] ETH=$1995.11 未触发（需>2000）
[2026-03-29 08:38:01] ETH=$1992.18 阈值=2000
[2026-03-29 08:38:01] ETH=$1992.18 未触发（需>2000）
[2026-03-29 08:40:01] ETH=$1993.36 阈值=2000
[2026-03-29 08:40:01] ETH=$1993.36 未触发（需>2000）
[2026-03-29 08:42:01] ETH=$1993.5 阈值=2000
[2026-03-29 08:42:01] ETH=$1993.5 未触发（需>2000）
[2026-03-29 08:44:02] ETH=$1994.63 阈值=2000
[2026-03-29 08:44:02] ETH=$1994.63 未触发（需>2000）
[2026-03-29 08:46:02] ETH=$1994.25 阈值=2000
[2026-03-29 08:46:02] ETH=$1994.25 未触发（需>2000）
[2026-03-29 08:48:01] ETH=$1994.79 阈值=2000
[2026-03-29 08:48:01] ETH=$1994.79 未触发（需>2000）
[2026-03-29 08:50:01] ETH=$1994.99 阈值=2000
[2026-03-29 08:50:01] ETH=$1994.99 未触发（需>2000）
[2026-03-29 08:52:01] ETH=$1997.2 阈值=2000
[2026-03-29 08:52:01] ETH=$1997.2 未触发（需>2000）
[2026-03-29 08:54:01] ETH=$1995.38 阈值=2000
[2026-03-29 08:54:01] ETH=$1995.38 未触发（需>2000）
[2026-03-29 08:56:01] ETH=$1995.69 阈值=2000
[2026-03-29 08:56:01] ETH=$1995.69 未触发（需>2000）
[2026-03-29 08:58:01] ETH=$1995.86 阈值=2000
[2026-03-29 08:58:01] ETH=$1995.86 未触发（需>2000）
[2026-03-29 09:00:01] ETH=$1997.9 阈值=2000
[2026-03-29 09:00:01] ETH=$1997.9 未触发（需>2000）
[2026-03-29 09:02:01] ETH=$1997.73 阈值=2000
[2026-03-29 09:02:01] ETH=$1997.73 未触发（需>2000）
[2026-03-29 09:04:01] ETH=$1997.52 阈值=2000
[2026-03-29 09:04:01] ETH=$1997.52 未触发（需>2000）
[2026-03-29 09:06:02] ETH=$2000.03 阈值=2000
[2026-03-29 09:06:02] ✅ 预警已发送：ETH=$2000.03
[2026-03-29 09:08:01] ETH=$2004.99 阈值=2000
[2026-03-29 09:08:01] 10分钟内已发预警，跳过
[2026-03-29 09:10:01] ETH=$2002.6 阈值=2000
[2026-03-29 09:10:02] 10分钟内已发预警，跳过
[2026-03-29 09:12:01] ETH=$2002.7 阈值=2000
[2026-03-29 09:12:01] 10分钟内已发预警，跳过
[2026-03-29 09:14:01] ETH=$2003.49 阈值=2000
[2026-03-29 09:14:01] 10分钟内已发预警，跳过
[2026-03-29 09:16:01] ETH=$2003.98 阈值=2000
[2026-03-29 09:16:01] 10分钟内已发预警，跳过
[2026-03-29 09:18:01] ETH=$2003.19 阈值=2000
[2026-03-29 09:18:01] ✅ 预警已发送：ETH=$2003.19
[2026-03-29 09:20:01] ETH=$2003.29 阈值=2000
[2026-03-29 09:20:01] 10分钟内已发预警，跳过
[2026-03-29 09:22:01] ETH=$2004.58 阈值=2000
[2026-03-29 09:22:01] 10分钟内已发预警，跳过
[2026-03-29 09:24:01] ETH=$2003.25 阈值=2000
[2026-03-29 09:24:01] 10分钟内已发预警，跳过
[2026-03-29 09:26:01] ETH=$2003.45 阈值=2000
[2026-03-29 09:26:01] 10分钟内已发预警，跳过
[2026-03-29 09:28:02] ETH=$2003.8 阈值=2000
[2026-03-29 09:28:02] ✅ 预警已发送：ETH=$2003.8
[2026-03-29 09:30:01] ETH=$2003.84 阈值=2000
[2026-03-29 09:30:02] 10分钟内已发预警，跳过
[2026-03-29 09:32:02] ETH=$2002.95 阈值=2000
[2026-03-29 09:32:02] 10分钟内已发预警，跳过
[2026-03-29 09:34:01] ETH=$2001.55 阈值=2000
[2026-03-29 09:34:01] 10分钟内已发预警，跳过
[2026-03-29 09:36:01] ETH=$2001.45 阈值=2000
[2026-03-29 09:36:01] 10分钟内已发预警，跳过
[2026-03-29 09:38:01] ETH=$2000.2 阈值=2000
[2026-03-29 09:38:01] 10分钟内已发预警，跳过
[2026-03-29 09:40:02] ETH=$1998.38 阈值=2000
[2026-03-29 09:40:02] ETH=$1998.38 未触发（需>2000）
[2026-03-29 09:42:01] ETH=$1999.02 阈值=2000
[2026-03-29 09:42:01] ETH=$1999.02 未触发（需>2000）
[2026-03-29 09:44:01] ETH=$2000.62 阈值=2000
[2026-03-29 09:44:02] ✅ 预警已发送：ETH=$2000.62
[2026-03-29 09:46:02] ETH=$2000.57 阈值=2000
[2026-03-29 09:46:02] 10分钟内已发预警，跳过
[2026-03-29 09:48:01] ETH=$1999.51 阈值=2000
[2026-03-29 09:48:01] ETH=$1999.51 未触发（需>2000）
[2026-03-29 09:50:01] ETH=$2001.78 阈值=2000
[2026-03-29 09:50:01] 10分钟内已发预警，跳过
[2026-03-29 09:52:01] ETH=$2003.41 阈值=2000
[2026-03-29 09:52:01] 10分钟内已发预警，跳过
[2026-03-29 09:54:02] ETH=$2003.45 阈值=2000
[2026-03-29 09:54:02] ✅ 预警已发送：ETH=$2003.45
[2026-03-29 09:56:01] ETH=$2002.3 阈值=2000
[2026-03-29 09:56:01] 10分钟内已发预警，跳过
[2026-03-29 09:58:02] ETH=$2003.95 阈值=2000
[2026-03-29 09:58:02] 10分钟内已发预警，跳过
[2026-03-29 10:00:01] ETH=$2004.17 阈值=2000
[2026-03-29 10:00:01] 10分钟内已发预警，跳过
[2026-03-29 10:02:01] ETH=$2003.3 阈值=2000
[2026-03-29 10:02:01] 10分钟内已发预警，跳过
[2026-03-29 10:04:01] ETH=$2003.51 阈值=2000
[2026-03-29 10:04:01] 10分钟内已发预警，跳过
[2026-03-29 10:06:02] ETH=$2004.15 阈值=2000
[2026-03-29 10:06:02] ✅ 预警已发送：ETH=$2004.15
[2026-03-29 10:08:01] ETH=$2003.95 阈值=2000
[2026-03-29 10:08:01] 10分钟内已发预警，跳过
[2026-03-29 10:10:01] ETH=$2002.75 阈值=2000
[2026-03-29 10:10:01] 10分钟内已发预警，跳过
[2026-03-29 10:12:02] ETH=$2004.01 阈值=2000
[2026-03-29 10:12:02] 10分钟内已发预警，跳过
[2026-03-29 10:14:01] ETH=$2003.99 阈值=2000
[2026-03-29 10:14:01] 10分钟内已发预警，跳过
[2026-03-29 10:16:01] ETH=$2005.02 阈值=2000
[2026-03-29 10:16:01] 10分钟内已发预警，跳过
[2026-03-29 10:18:01] ETH=$2004.4 阈值=2000
[2026-03-29 10:18:02] ✅ 预警已发送：ETH=$2004.4
[2026-03-29 10:20:01] ETH=$2004.75 阈值=2000
[2026-03-29 10:20:01] 10分钟内已发预警，跳过
[2026-03-29 10:22:01] ETH=$2004.07 阈值=2000
[2026-03-29 10:22:01] 10分钟内已发预警，跳过
[2026-03-29 10:24:02] ETH=$2005.7 阈值=2000
[2026-03-29 10:24:02] 10分钟内已发预警，跳过
[2026-03-29 10:26:01] ETH=$2004.62 阈值=2000
[2026-03-29 10:26:01] 10分钟内已发预警，跳过
[2026-03-29 10:28:01] ETH=$2004.91 阈值=2000
[2026-03-29 10:28:01] 10分钟内已发预警，跳过
[2026-03-29 10:30:01] ETH=$2004.48 阈值=2000
[2026-03-29 10:30:02] ✅ 预警已发送：ETH=$2004.48
[2026-03-29 10:32:02] ETH=$2002.85 阈值=2000
[2026-03-29 10:32:02] 10分钟内已发预警，跳过
[2026-03-29 10:34:01] ETH=$2002.59 阈值=2000
[2026-03-29 10:34:01] 10分钟内已发预警，跳过
[2026-03-29 10:36:01] ETH=$2001.97 阈值=2000
[2026-03-29 10:36:01] 10分钟内已发预警，跳过
[2026-03-29 10:38:01] ETH=$2002.53 阈值=2000
[2026-03-29 10:38:01] 10分钟内已发预警，跳过
[2026-03-29 10:40:02] ETH=$2004.7 阈值=2000
[2026-03-29 10:40:02] ✅ 预警已发送：ETH=$2004.7
[2026-03-29 10:42:01] ETH=$2006.14 阈值=2000
[2026-03-29 10:42:01] 10分钟内已发预警，跳过
[2026-03-29 10:44:01] ETH=$2006.04 阈值=2000
[2026-03-29 10:44:02] 10分钟内已发预警，跳过
[2026-03-29 10:46:02] ETH=$2005.51 阈值=2000
[2026-03-29 10:46:02] 10分钟内已发预警，跳过
[2026-03-29 10:48:01] ETH=$2004.66 阈值=2000
[2026-03-29 10:48:01] 10分钟内已发预警，跳过
[2026-03-29 10:50:01] ETH=$2007.0 阈值=2000
[2026-03-29 10:50:01] 10分钟内已发预警，跳过
[2026-03-29 10:52:01] ETH=$2007.9 阈值=2000
[2026-03-29 10:52:02] ✅ 预警已发送：ETH=$2007.9
[2026-03-29 10:54:01] ETH=$2008.6 阈值=2000
[2026-03-29 10:54:01] 10分钟内已发预警，跳过
[2026-03-29 10:56:01] ETH=$2007.52 阈值=2000
[2026-03-29 10:56:01] 10分钟内已发预警，跳过
[2026-03-29 10:58:02] ETH=$2007.64 阈值=2000
[2026-03-29 10:58:02] 10分钟内已发预警，跳过
[2026-03-29 11:00:01] ETH=$2008.0 阈值=2000
[2026-03-29 11:00:01] 10分钟内已发预警，跳过
[2026-03-29 11:02:01] ETH=$2008.03 阈值=2000
[2026-03-29 11:02:01] 10分钟内已发预警，跳过
[2026-03-29 11:04:01] ETH=$2007.5 阈值=2000
[2026-03-29 11:04:02] ✅ 预警已发送：ETH=$2007.5
[2026-03-29 11:06:01] ETH=$2008.0 阈值=2000
[2026-03-29 11:06:01] 10分钟内已发预警，跳过
[2026-03-29 11:08:01] ETH=$2006.99 阈值=2000
[2026-03-29 11:08:01] 10分钟内已发预警，跳过
[2026-03-29 11:10:01] ETH=$2007.99 阈值=2000
[2026-03-29 11:10:01] 10分钟内已发预警，跳过
[2026-03-29 11:12:02] ETH=$2006.76 阈值=2000
[2026-03-29 11:12:02] 10分钟内已发预警，跳过
[2026-03-29 11:14:01] ETH=$2006.57 阈值=2000
[2026-03-29 11:14:01] 10分钟内已发预警，跳过
[2026-03-29 11:16:01] ETH=$2008.67 阈值=2000
[2026-03-29 11:16:01] ✅ 预警已发送：ETH=$2008.67
[2026-03-29 11:18:02] ETH=$2015.86 阈值=2000
[2026-03-29 11:18:02] 10分钟内已发预警，跳过
[2026-03-29 11:20:01] ETH=$2014.64 阈值=2000
[2026-03-29 11:20:01] 10分钟内已发预警，跳过
[2026-03-29 11:22:01] ETH=$2014.4 阈值=2000
[2026-03-29 11:22:01] 10分钟内已发预警，跳过
[2026-03-29 11:24:01] ETH=$2012.99 阈值=2000
[2026-03-29 11:24:01] 10分钟内已发预警，跳过
[2026-03-29 11:26:02] ETH=$2014.0 阈值=2000
[2026-03-29 11:26:02] ✅ 预警已发送：ETH=$2014.0
[2026-03-29 11:28:01] ETH=$2012.99 阈值=2000
[2026-03-29 11:28:01] 10分钟内已发预警，跳过
[2026-03-29 11:30:01] ETH=$2013.21 阈值=2000
[2026-03-29 11:30:01] 10分钟内已发预警，跳过
[2026-03-29 11:32:01] ETH=$2012.9 阈值=2000
[2026-03-29 11:32:01] 10分钟内已发预警，跳过
[2026-03-29 11:34:02] ETH=$2011.79 阈值=2000
[2026-03-29 11:34:02] 10分钟内已发预警，跳过
[2026-03-29 11:36:01] ETH=$2010.38 阈值=2000
[2026-03-29 11:36:01] 10分钟内已发预警，跳过
[2026-03-29 11:38:01] ETH=$2011.5 阈值=2000
[2026-03-29 11:38:02] ✅ 预警已发送：ETH=$2011.5
[2026-03-29 11:40:01] ETH=$2011.4 阈值=2000
[2026-03-29 11:40:01] 10分钟内已发预警，跳过
[2026-03-29 11:42:01] ETH=$2010.44 阈值=2000
[2026-03-29 11:42:01] 10分钟内已发预警，跳过
[2026-03-29 11:44:01] ETH=$2010.1 阈值=2000
[2026-03-29 11:44:01] 10分钟内已发预警，跳过
[2026-03-29 11:46:02] ETH=$2010.4 阈值=2000
[2026-03-29 11:46:02] 10分钟内已发预警，跳过
[2026-03-29 11:48:01] ETH=$2009.8 阈值=2000
[2026-03-29 11:48:01] 10分钟内已发预警，跳过
[2026-03-29 11:50:01] ETH=$2010.87 阈值=2000
[2026-03-29 11:50:01] ✅ 预警已发送：ETH=$2010.87
[2026-03-29 11:52:01] ETH=$2009.65 阈值=2000
[2026-03-29 11:52:01] 10分钟内已发预警，跳过
[2026-03-29 11:54:01] ETH=$2010.01 阈值=2000
[2026-03-29 11:54:01] 10分钟内已发预警，跳过
[2026-03-29 11:56:01] ETH=$2010.24 阈值=2000
[2026-03-29 11:56:01] 10分钟内已发预警，跳过
[2026-03-29 11:58:01] ETH=$2010.38 阈值=2000
[2026-03-29 11:58:01] 10分钟内已发预警，跳过
[2026-03-29 12:00:02] ETH=$2010.17 阈值=2000
[2026-03-29 12:00:02] ✅ 预警已发送：ETH=$2010.17
[2026-03-29 12:02:01] ETH=$2009.96 阈值=2000
[2026-03-29 12:02:01] 10分钟内已发预警，跳过
[2026-03-29 12:04:01] ETH=$2008.7 阈值=2000
[2026-03-29 12:04:01] 10分钟内已发预警，跳过
[2026-03-29 12:06:01] ETH=$2010.15 阈值=2000
[2026-03-29 12:06:01] 10分钟内已发预警，跳过
[2026-03-29 12:08:01] ETH=$2011.59 阈值=2000
[2026-03-29 12:08:02] 10分钟内已发预警，跳过
[2026-03-29 12:10:01] ETH=$2011.09 阈值=2000
[2026-03-29 12:10:01] 10分钟内已发预警，跳过
[2026-03-29 12:12:01] ETH=$2011.06 阈值=2000
[2026-03-29 12:12:01] ✅ 预警已发送：ETH=$2011.06
[2026-03-29 12:14:02] ETH=$2010.7 阈值=2000
[2026-03-29 12:14:02] 10分钟内已发预警，跳过
[2026-03-29 12:16:02] ETH=$2010.37 阈值=2000
[2026-03-29 12:16:02] 10分钟内已发预警，跳过
[2026-03-29 12:18:01] ETH=$2010.06 阈值=2000
[2026-03-29 12:18:01] 10分钟内已发预警，跳过
[2026-03-29 12:20:01] ETH=$2007.76 阈值=2000
[2026-03-29 12:20:01] 10分钟内已发预警，跳过
[2026-03-29 12:22:01] ETH=$2006.3 阈值=2000
[2026-03-29 12:22:02] ✅ 预警已发送：ETH=$2006.3
[2026-03-29 12:24:01] ETH=$2007.2 阈值=2000
[2026-03-29 12:24:01] 10分钟内已发预警，跳过
[2026-03-29 12:26:01] ETH=$2006.04 阈值=2000
[2026-03-29 12:26:01] 10分钟内已发预警，跳过
[2026-03-29 12:28:01] ETH=$2005.65 阈值=2000
[2026-03-29 12:28:01] 10分钟内已发预警，跳过
[2026-03-29 12:30:02] ETH=$2005.29 阈值=2000
[2026-03-29 12:30:02] 10分钟内已发预警，跳过
[2026-03-29 12:32:01] ETH=$2004.51 阈值=2000
[2026-03-29 12:32:01] 10分钟内已发预警，跳过
[2026-03-29 12:34:01] ETH=$2004.79 阈值=2000
[2026-03-29 12:34:01] ✅ 预警已发送：ETH=$2004.79
[2026-03-29 12:36:01] ETH=$2006.1 阈值=2000
[2026-03-29 12:36:01] 10分钟内已发预警，跳过
[2026-03-29 12:38:01] ETH=$2005.54 阈值=2000
[2026-03-29 12:38:01] 10分钟内已发预警，跳过
[2026-03-29 12:40:01] ETH=$2004.84 阈值=2000
[2026-03-29 12:40:01] 10分钟内已发预警，跳过
[2026-03-29 12:42:01] ETH=$2005.52 阈值=2000
[2026-03-29 12:42:01] 10分钟内已发预警，跳过
[2026-03-29 12:44:02] ETH=$2005.11 阈值=2000
[2026-03-29 12:44:02] ✅ 预警已发送：ETH=$2005.11
[2026-03-29 12:46:01] ETH=$2005.1 阈值=2000
[2026-03-29 12:46:01] 10分钟内已发预警，跳过
[2026-03-29 12:48:01] ETH=$2005.15 阈值=2000
[2026-03-29 12:48:02] 10分钟内已发预警，跳过
[2026-03-29 12:50:01] ETH=$2004.9 阈值=2000
[2026-03-29 12:50:01] 10分钟内已发预警，跳过
[2026-03-29 12:52:01] ETH=$2005.0 阈值=2000
[2026-03-29 12:52:01] 10分钟内已发预警，跳过
[2026-03-29 12:54:01] ETH=$2005.69 阈值=2000
[2026-03-29 12:54:01] 10分钟内已发预警，跳过
[2026-03-29 12:56:01] ETH=$2005.42 阈值=2000
[2026-03-29 12:56:02] ✅ 预警已发送：ETH=$2005.42
[2026-03-29 12:58:01] ETH=$2004.99 阈值=2000
[2026-03-29 12:58:01] 10分钟内已发预警，跳过
[2026-03-29 13:00:02] ETH=$2004.8 阈值=2000
[2026-03-29 13:00:02] 10分钟内已发预警，跳过
[2026-03-29 13:02:02] ETH=$2004.35 阈值=2000
[2026-03-29 13:02:02] 10分钟内已发预警，跳过
[2026-03-29 13:04:01] ETH=$2004.44 阈值=2000
[2026-03-29 13:04:01] 10分钟内已发预警，跳过
[2026-03-29 13:06:01] ETH=$2002.62 阈值=2000
[2026-03-29 13:06:01] 10分钟内已发预警，跳过
[2026-03-29 13:08:01] ETH=$2002.15 阈值=2000
[2026-03-29 13:08:02] ✅ 预警已发送：ETH=$2002.15
[2026-03-29 13:10:01] ETH=$2001.19 阈值=2000
[2026-03-29 13:10:01] 10分钟内已发预警，跳过
[2026-03-29 13:12:01] ETH=$2001.17 阈值=2000
[2026-03-29 13:12:01] 10分钟内已发预警，跳过
[2026-03-29 13:14:01] ETH=$2000.4 阈值=2000
[2026-03-29 13:14:01] 10分钟内已发预警，跳过
[2026-03-29 13:16:01] ETH=$1999.34 阈值=2000
[2026-03-29 13:16:01] ETH=$1999.34 未触发（需>2000）
[2026-03-29 13:18:02] ETH=$1998.8 阈值=2000
[2026-03-29 13:18:02] ETH=$1998.8 未触发（需>2000）
[2026-03-29 13:20:01] ETH=$2000.61 阈值=2000
[2026-03-29 13:20:01] ✅ 预警已发送：ETH=$2000.61
[2026-03-29 13:22:01] ETH=$2000.01 阈值=2000
[2026-03-29 13:22:01] 10分钟内已发预警，跳过
[2026-03-29 13:24:02] ETH=$1999.67 阈值=2000
[2026-03-29 13:24:02] ETH=$1999.67 未触发（需>2000）
[2026-03-29 13:26:01] ETH=$1998.46 阈值=2000
[2026-03-29 13:26:01] ETH=$1998.46 未触发（需>2000）
[2026-03-29 13:28:01] ETH=$1998.96 阈值=2000
[2026-03-29 13:28:01] ETH=$1998.96 未触发（需>2000）
[2026-03-29 13:30:01] ETH=$1999.59 阈值=2000
[2026-03-29 13:30:01] ETH=$1999.59 未触发（需>2000）
[2026-03-29 13:32:02] ETH=$2000.49 阈值=2000
[2026-03-29 13:32:02] ✅ 预警已发送：ETH=$2000.49
[2026-03-29 13:34:01] ETH=$1999.91 阈值=2000
[2026-03-29 13:34:01] ETH=$1999.91 未触发（需>2000）
[2026-03-29 13:36:02] ETH=$1999.8 阈值=2000
[2026-03-29 13:36:02] ETH=$1999.8 未触发（需>2000）
[2026-03-29 13:38:01] ETH=$2001.04 阈值=2000
[2026-03-29 13:38:01] 10分钟内已发预警，跳过
[2026-03-29 13:40:01] ETH=$2001.17 阈值=2000
[2026-03-29 13:40:01] 10分钟内已发预警，跳过
[2026-03-29 13:42:01] ETH=$2001.34 阈值=2000
[2026-03-29 13:42:01] 10分钟内已发预警，跳过
[2026-03-29 13:44:01] ETH=$2000.89 阈值=2000
[2026-03-29 13:44:02] ✅ 预警已发送：ETH=$2000.89
[2026-03-29 13:46:01] ETH=$2001.21 阈值=2000
[2026-03-29 13:46:01] 10分钟内已发预警，跳过
[2026-03-29 13:48:01] ETH=$2001.2 阈值=2000
[2026-03-29 13:48:01] 10分钟内已发预警，跳过
[2026-03-29 13:50:01] ETH=$2003.75 阈值=2000
[2026-03-29 13:50:01] 10分钟内已发预警，跳过
[2026-03-29 13:52:02] ETH=$2005.11 阈值=2000
[2026-03-29 13:52:02] 10分钟内已发预警，跳过
[2026-03-29 13:54:01] ETH=$2004.83 阈值=2000
[2026-03-29 13:54:01] 10分钟内已发预警，跳过
[2026-03-29 13:56:01] ETH=$2005.61 阈值=2000
[2026-03-29 13:56:01] ✅ 预警已发送：ETH=$2005.61
[2026-03-29 13:58:01] ETH=$2005.29 阈值=2000
[2026-03-29 13:58:01] 10分钟内已发预警，跳过
[2026-03-29 14:00:01] ETH=$2004.29 阈值=2000
[2026-03-29 14:00:01] 10分钟内已发预警，跳过
[2026-03-29 14:02:01] ETH=$2004.85 阈值=2000
[2026-03-29 14:02:01] 10分钟内已发预警，跳过
[2026-03-29 14:04:01] ETH=$2005.1 阈值=2000
[2026-03-29 14:04:01] 10分钟内已发预警，跳过
[2026-03-29 14:06:01] ETH=$2006.8 阈值=2000
[2026-03-29 14:06:02] ✅ 预警已发送：ETH=$2006.8
[2026-03-29 14:08:01] ETH=$2005.79 阈值=2000
[2026-03-29 14:08:01] 10分钟内已发预警，跳过
[2026-03-29 14:10:01] ETH=$2004.76 阈值=2000
[2026-03-29 14:10:01] 10分钟内已发预警，跳过
[2026-03-29 14:12:01] ETH=$2004.18 阈值=2000
[2026-03-29 14:12:01] 10分钟内已发预警，跳过
[2026-03-29 14:14:01] ETH=$2004.09 阈值=2000
[2026-03-29 14:14:01] 10分钟内已发预警，跳过
[2026-03-29 14:16:01] ETH=$2004.99 阈值=2000
[2026-03-29 14:16:01] 10分钟内已发预警，跳过
[2026-03-29 14:18:01] ETH=$2005.8 阈值=2000
[2026-03-29 14:18:02] ✅ 预警已发送：ETH=$2005.8
[2026-03-29 14:20:01] ETH=$2004.4 阈值=2000
[2026-03-29 14:20:01] 10分钟内已发预警，跳过
[2026-03-29 14:22:01] ETH=$2003.62 阈值=2000
[2026-03-29 14:22:01] 10分钟内已发预警，跳过
[2026-03-29 14:24:02] ETH=$2002.21 阈值=2000
[2026-03-29 14:24:02] 10分钟内已发预警，跳过
[2026-03-29 14:26:01] ETH=$1999.48 阈值=2000
[2026-03-29 14:26:01] ETH=$1999.48 未触发（需>2000）
[2026-03-29 14:28:01] ETH=$1999.55 阈值=2000
[2026-03-29 14:28:01] ETH=$1999.55 未触发（需>2000）
[2026-03-29 14:30:01] ETH=$2000.9 阈值=2000
[2026-03-29 14:30:02] ✅ 预警已发送：ETH=$2000.9
[2026-03-29 14:32:01] ETH=$2002.0 阈值=2000
[2026-03-29 14:32:01] 10分钟内已发预警，跳过
[2026-03-29 14:34:01] ETH=$2001.49 阈值=2000
[2026-03-29 14:34:02] 10分钟内已发预警，跳过
[2026-03-29 14:36:01] ETH=$2001.17 阈值=2000
[2026-03-29 14:36:01] 10分钟内已发预警，跳过
[2026-03-29 14:38:01] ETH=$2001.19 阈值=2000
[2026-03-29 14:38:01] 10分钟内已发预警，跳过
[2026-03-29 14:40:01] ETH=$2001.43 阈值=2000
[2026-03-29 14:40:01] 10分钟内已发预警，跳过
[2026-03-29 14:42:01] ETH=$2002.39 阈值=2000
[2026-03-29 14:42:02] ✅ 预警已发送：ETH=$2002.39
[2026-03-29 14:44:01] ETH=$2002.16 阈值=2000
[2026-03-29 14:44:01] 10分钟内已发预警，跳过
[2026-03-29 14:46:01] ETH=$2002.6 阈值=2000
[2026-03-29 14:46:01] 10分钟内已发预警，跳过
[2026-03-29 14:48:02] ETH=$2004.6 阈值=2000
[2026-03-29 14:48:02] 10分钟内已发预警，跳过
[2026-03-29 14:50:01] ETH=$2004.81 阈值=2000
[2026-03-29 14:50:01] 10分钟内已发预警，跳过
[2026-03-29 14:52:01] ETH=$2005.16 阈值=2000
[2026-03-29 14:52:01] 10分钟内已发预警，跳过
[2026-03-29 14:54:01] ETH=$2004.99 阈值=2000
[2026-03-29 14:54:02] ✅ 预警已发送：ETH=$2004.99
[2026-03-29 14:56:01] ETH=$2004.6 阈值=2000
[2026-03-29 14:56:01] 10分钟内已发预警，跳过
[2026-03-29 14:58:01] ETH=$2004.05 阈值=2000
[2026-03-29 14:58:01] 10分钟内已发预警，跳过
[2026-03-29 15:00:02] ETH=$2003.74 阈值=2000
[2026-03-29 15:00:02] 10分钟内已发预警，跳过
[2026-03-29 15:02:01] ETH=$2001.51 阈值=2000
[2026-03-29 15:02:01] 10分钟内已发预警，跳过
[2026-03-29 15:04:01] ETH=$1999.76 阈值=2000
[2026-03-29 15:04:01] ETH=$1999.76 未触发（需>2000）
[2026-03-29 15:06:01] ETH=$2000.77 阈值=2000
[2026-03-29 15:06:02] ✅ 预警已发送：ETH=$2000.77
[2026-03-29 15:08:01] ETH=$1999.55 阈值=2000
[2026-03-29 15:08:01] ETH=$1999.55 未触发（需>2000）
[2026-03-29 15:10:01] ETH=$1999.5 阈值=2000
[2026-03-29 15:10:01] ETH=$1999.5 未触发（需>2000）
[2026-03-29 15:12:02] ETH=$1999.84 阈值=2000
[2026-03-29 15:12:02] ETH=$1999.84 未触发（需>2000）
[2026-03-29 15:14:01] ETH=$2001.71 阈值=2000
[2026-03-29 15:14:01] 10分钟内已发预警，跳过
[2026-03-29 15:16:01] ETH=$2001.71 阈值=2000
[2026-03-29 15:16:01] 10分钟内已发预警，跳过
[2026-03-29 15:18:01] ETH=$2000.68 阈值=2000
[2026-03-29 15:18:02] ✅ 预警已发送：ETH=$2000.68
[2026-03-29 15:20:01] ETH=$2002.52 阈值=2000
[2026-03-29 15:20:01] 10分钟内已发预警，跳过
[2026-03-29 15:22:01] ETH=$2002.42 阈值=2000
[2026-03-29 15:22:01] 10分钟内已发预警，跳过
[2026-03-29 15:24:01] ETH=$2002.42 阈值=2000
[2026-03-29 15:24:01] 10分钟内已发预警，跳过
[2026-03-29 15:26:01] ETH=$2002.52 阈值=2000
[2026-03-29 15:26:01] 10分钟内已发预警，跳过
[2026-03-29 15:28:01] ETH=$2002.86 阈值=2000
[2026-03-29 15:28:01] 10分钟内已发预警，跳过
[2026-03-29 15:30:01] ETH=$2003.21 阈值=2000
[2026-03-29 15:30:02] ✅ 预警已发送：ETH=$2003.21
[2026-03-29 15:32:02] ETH=$2003.3 阈值=2000
[2026-03-29 15:32:02] 10分钟内已发预警，跳过
[2026-03-29 15:34:01] ETH=$2003.14 阈值=2000
[2026-03-29 15:34:01] 10分钟内已发预警，跳过
[2026-03-29 15:36:01] ETH=$2002.48 阈值=2000
[2026-03-29 15:36:01] 10分钟内已发预警，跳过
[2026-03-29 15:38:01] ETH=$2004.66 阈值=2000
[2026-03-29 15:38:01] 10分钟内已发预警，跳过
[2026-03-29 15:40:02] ETH=$2002.95 阈值=2000
[2026-03-29 15:40:02] ✅ 预警已发送：ETH=$2002.95
[2026-03-29 15:42:01] ETH=$2002.69 阈值=2000
[2026-03-29 15:42:01] 10分钟内已发预警，跳过
[2026-03-29 15:44:01] ETH=$2002.79 阈值=2000
[2026-03-29 15:44:01] 10分钟内已发预警，跳过
[2026-03-29 15:46:02] ETH=$2003.31 阈值=2000
[2026-03-29 15:46:02] 10分钟内已发预警，跳过
[2026-03-29 15:48:01] ETH=$2003.45 阈值=2000
[2026-03-29 15:48:01] 10分钟内已发预警，跳过
[2026-03-29 15:50:01] ETH=$2004.67 阈值=2000
[2026-03-29 15:50:01] 10分钟内已发预警，跳过
[2026-03-29 15:52:01] ETH=$2006.62 阈值=2000
[2026-03-29 15:52:02] ✅ 预警已发送：ETH=$2006.62
[2026-03-29 15:54:01] ETH=$2006.7 阈值=2000
[2026-03-29 15:54:01] 10分钟内已发预警，跳过
[2026-03-29 15:56:01] ETH=$2006.31 阈值=2000
[2026-03-29 15:56:01] 10分钟内已发预警，跳过
[2026-03-29 15:58:02] ETH=$2006.37 阈值=2000
[2026-03-29 15:58:02] 10分钟内已发预警，跳过
[2026-03-29 16:00:01] ETH=$2005.1 阈值=2000
[2026-03-29 16:00:01] 10分钟内已发预警，跳过
[2026-03-29 16:02:01] ETH=$2004.51 阈值=2000
[2026-03-29 16:02:01] 10分钟内已发预警，跳过
[2026-03-29 16:04:01] ETH=$2004.46 阈值=2000
[2026-03-29 16:04:02] ✅ 预警已发送：ETH=$2004.46
[2026-03-29 16:06:01] ETH=$2005.36 阈值=2000
[2026-03-29 16:06:01] 10分钟内已发预警，跳过
[2026-03-29 16:08:01] ETH=$2006.42 阈值=2000
[2026-03-29 16:08:01] 10分钟内已发预警，跳过
[2026-03-29 16:10:02] ETH=$2004.97 阈值=2000
[2026-03-29 16:10:02] 10分钟内已发预警，跳过
[2026-03-29 16:12:01] ETH=$2004.23 阈值=2000
[2026-03-29 16:12:01] 10分钟内已发预警，跳过
[2026-03-29 16:14:01] ETH=$2002.26 阈值=2000
[2026-03-29 16:14:01] 10分钟内已发预警，跳过
[2026-03-29 16:16:01] ETH=$2002.89 阈值=2000
[2026-03-29 16:16:02] ✅ 预警已发送：ETH=$2002.89
[2026-03-29 16:18:01] ETH=$2003.36 阈值=2000
[2026-03-29 16:18:01] 10分钟内已发预警，跳过
[2026-03-29 16:20:01] ETH=$2002.64 阈值=2000
[2026-03-29 16:20:01] 10分钟内已发预警，跳过
[2026-03-29 16:22:01] ETH=$2002.4 阈值=2000
[2026-03-29 16:22:01] 10分钟内已发预警，跳过
[2026-03-29 16:24:01] ETH=$2003.11 阈值=2000
[2026-03-29 16:24:02] 10分钟内已发预警，跳过
[2026-03-29 16:26:01] ETH=$2003.5 阈值=2000
[2026-03-29 16:26:01] 10分钟内已发预警，跳过
[2026-03-29 16:28:01] ETH=$2003.97 阈值=2000
[2026-03-29 16:28:01] ✅ 预警已发送：ETH=$2003.97
[2026-03-29 16:30:02] ETH=$2003.88 阈值=2000
[2026-03-29 16:30:02] 10分钟内已发预警，跳过
[2026-03-29 16:32:02] ETH=$2004.63 阈值=2000
[2026-03-29 16:32:02] 10分钟内已发预警，跳过
[2026-03-29 16:34:01] ETH=$2004.46 阈值=2000
[2026-03-29 16:34:01] 10分钟内已发预警，跳过
[2026-03-29 16:36:01] ETH=$2004.17 阈值=2000
[2026-03-29 16:36:01] 10分钟内已发预警，跳过
[2026-03-29 16:38:01] ETH=$2005.21 阈值=2000
[2026-03-29 16:38:02] ✅ 预警已发送：ETH=$2005.21
[2026-03-29 16:40:01] ETH=$2005.08 阈值=2000
[2026-03-29 16:40:01] 10分钟内已发预警，跳过
[2026-03-29 16:42:01] ETH=$2004.2 阈值=2000
[2026-03-29 16:42:01] 10分钟内已发预警，跳过
[2026-03-29 16:44:02] ETH=$2004.5 阈值=2000
[2026-03-29 16:44:02] 10分钟内已发预警，跳过
[2026-03-29 16:46:02] ETH=$2004.81 阈值=2000
[2026-03-29 16:46:02] 10分钟内已发预警，跳过
[2026-03-29 16:48:01] ETH=$2003.91 阈值=2000
[2026-03-29 16:48:01] 10分钟内已发预警，跳过
[2026-03-29 16:50:01] ETH=$2004.49 阈值=2000
[2026-03-29 16:50:02] ✅ 预警已发送：ETH=$2004.49
[2026-03-29 16:52:01] ETH=$2002.4 阈值=2000
[2026-03-29 16:52:01] 10分钟内已发预警，跳过
[2026-03-29 16:54:01] ETH=$2002.62 阈值=2000
[2026-03-29 16:54:01] 10分钟内已发预警，跳过
[2026-03-29 16:56:01] ETH=$2003.24 阈值=2000
[2026-03-29 16:56:01] 10分钟内已发预警，跳过
[2026-03-29 16:58:02] ETH=$2003.21 阈值=2000
[2026-03-29 16:58:02] 10分钟内已发预警，跳过
[2026-03-29 17:00:01] ETH=$2003.31 阈值=2000
[2026-03-29 17:00:01] 10分钟内已发预警，跳过
[2026-03-29 17:02:01] ETH=$2003.17 阈值=2000
[2026-03-29 17:02:01] ✅ 预警已发送：ETH=$2003.17
[2026-03-29 17:04:02] ETH=$2004.08 阈值=2000
[2026-03-29 17:04:02] 10分钟内已发预警，跳过
[2026-03-29 17:06:01] ETH=$2002.0 阈值=2000
[2026-03-29 17:06:01] 10分钟内已发预警，跳过
[2026-03-29 17:08:01] ETH=$2000.4 阈值=2000
[2026-03-29 17:08:01] 10分钟内已发预警，跳过
[2026-03-29 17:10:01] ETH=$2002.05 阈值=2000
[2026-03-29 17:10:01] 10分钟内已发预警，跳过
[2026-03-29 17:12:02] ETH=$2001.68 阈值=2000
[2026-03-29 17:12:02] ✅ 预警已发送：ETH=$2001.68
[2026-03-29 17:14:01] ETH=$2002.75 阈值=2000
[2026-03-29 17:14:01] 10分钟内已发预警，跳过
[2026-03-29 17:16:02] ETH=$2001.71 阈值=2000
[2026-03-29 17:16:02] 10分钟内已发预警，跳过
[2026-03-29 17:18:01] ETH=$2003.0 阈值=2000
[2026-03-29 17:18:01] 10分钟内已发预警，跳过
[2026-03-29 17:20:01] ETH=$2001.47 阈值=2000
[2026-03-29 17:20:01] 10分钟内已发预警，跳过
[2026-03-29 17:22:01] ETH=$2001.49 阈值=2000
[2026-03-29 17:22:01] 10分钟内已发预警，跳过
[2026-03-29 17:24:02] ETH=$2001.18 阈值=2000
[2026-03-29 17:24:02] ✅ 预警已发送：ETH=$2001.18
[2026-03-29 17:26:01] ETH=$2000.91 阈值=2000
[2026-03-29 17:26:01] 10分钟内已发预警，跳过
[2026-03-29 17:28:01] ETH=$2000.86 阈值=2000
[2026-03-29 17:28:02] 10分钟内已发预警，跳过
[2026-03-29 17:30:01] ETH=$2001.55 阈值=2000
[2026-03-29 17:30:01] 10分钟内已发预警，跳过
[2026-03-29 17:32:01] ETH=$2002.77 阈值=2000
[2026-03-29 17:32:01] 10分钟内已发预警，跳过
[2026-03-29 17:34:01] ETH=$1997.15 阈值=2000
[2026-03-29 17:34:01] ETH=$1997.15 未触发（需>2000）
[2026-03-29 17:36:01] ETH=$1998.34 阈值=2000
[2026-03-29 17:36:01] ETH=$1998.34 未触发（需>2000）
[2026-03-29 17:38:01] ETH=$1997.57 阈值=2000
[2026-03-29 17:38:01] ETH=$1997.57 未触发（需>2000）
[2026-03-29 17:40:02] ETH=$1998.81 阈值=2000
[2026-03-29 17:40:02] ETH=$1998.81 未触发（需>2000）
[2026-03-29 17:42:01] ETH=$1998.8 阈值=2000
[2026-03-29 17:42:01] ETH=$1998.8 未触发（需>2000）
[2026-03-29 17:44:01] ETH=$1998.5 阈值=2000
[2026-03-29 17:44:01] ETH=$1998.5 未触发（需>2000）
[2026-03-29 17:46:01] ETH=$1998.67 阈值=2000
[2026-03-29 17:46:01] ETH=$1998.67 未触发（需>2000）
[2026-03-29 17:48:01] ETH=$1998.9 阈值=2000
[2026-03-29 17:48:01] ETH=$1998.9 未触发（需>2000）
[2026-03-29 17:50:02] ETH=$1998.68 阈值=2000
[2026-03-29 17:50:02] ETH=$1998.68 未触发（需>2000）
[2026-03-29 17:52:01] ETH=$1999.12 阈值=2000
[2026-03-29 17:52:01] ETH=$1999.12 未触发（需>2000）
[2026-03-29 17:54:01] ETH=$1998.86 阈值=2000
[2026-03-29 17:54:01] ETH=$1998.86 未触发（需>2000）
[2026-03-29 17:56:01] ETH=$1998.01 阈值=2000
[2026-03-29 17:56:01] ETH=$1998.01 未触发（需>2000）
[2026-03-29 17:58:01] ETH=$1998.15 阈值=2000
[2026-03-29 17:58:01] ETH=$1998.15 未触发（需>2000）
[2026-03-29 18:00:01] ETH=$1997.83 阈值=2000
[2026-03-29 18:00:01] ETH=$1997.83 未触发（需>2000）
[2026-03-29 18:02:01] ETH=$1997.0 阈值=2000
[2026-03-29 18:02:01] ETH=$1997.0 未触发（需>2000）
[2026-03-29 18:04:01] ETH=$1996.81 阈值=2000
[2026-03-29 18:04:01] ETH=$1996.81 未触发（需>2000）
[2026-03-29 18:06:02] ETH=$1997.51 阈值=2000
[2026-03-29 18:06:02] ETH=$1997.51 未触发（需>2000）
[2026-03-29 18:08:01] ETH=$1996.34 阈值=2000
[2026-03-29 18:08:01] ETH=$1996.34 未触发（需>2000）
[2026-03-29 18:10:01] ETH=$1996.23 阈值=2000
[2026-03-29 18:10:01] ETH=$1996.23 未触发（需>2000）
[2026-03-29 18:12:01] ETH=$1994.88 阈值=2000
[2026-03-29 18:12:01] ETH=$1994.88 未触发（需>2000）
[2026-03-29 18:14:01] ETH=$1995.04 阈值=2000
[2026-03-29 18:14:01] ETH=$1995.04 未触发（需>2000）
[2026-03-29 18:16:01] ETH=$1995.5 阈值=2000
[2026-03-29 18:16:01] ETH=$1995.5 未触发（需>2000）
[2026-03-29 18:18:02] ETH=$1994.67 阈值=2000
[2026-03-29 18:18:02] ETH=$1994.67 未触发（需>2000）
[2026-03-29 18:20:01] ETH=$1993.49 阈值=2000
[2026-03-29 18:20:01] ETH=$1993.49 未触发（需>2000）
[2026-03-29 18:22:01] ETH=$1992.51 阈值=2000
[2026-03-29 18:22:01] ETH=$1992.51 未触发（需>2000）
[2026-03-29 18:24:01] ETH=$1993.18 阈值=2000
[2026-03-29 18:24:01] ETH=$1993.18 未触发（需>2000）
[2026-03-29 18:26:01] ETH=$1993.67 阈值=2000
[2026-03-29 18:26:01] ETH=$1993.67 未触发（需>2000）
[2026-03-29 18:28:01] ETH=$1993.31 阈值=2000
[2026-03-29 18:28:01] ETH=$1993.31 未触发（需>2000）
[2026-03-29 18:30:01] ETH=$1993.01 阈值=2000
[2026-03-29 18:30:01] ETH=$1993.01 未触发（需>2000）
[2026-03-29 18:32:01] ETH=$1993.6 阈值=2000
[2026-03-29 18:32:01] ETH=$1993.6 未触发（需>2000）
[2026-03-29 18:34:01] ETH=$1991.3 阈值=2000
[2026-03-29 18:34:01] ETH=$1991.3 未触发（需>2000）
[2026-03-29 18:36:01] ETH=$1992.01 阈值=2000
[2026-03-29 18:36:01] ETH=$1992.01 未触发（需>2000）
[2026-03-29 18:38:01] ETH=$1993.19 阈值=2000
[2026-03-29 18:38:01] ETH=$1993.19 未触发（需>2000）
[2026-03-29 18:40:01] ETH=$1995.01 阈值=2000
[2026-03-29 18:40:01] ETH=$1995.01 未触发（需>2000）
[2026-03-29 18:42:01] ETH=$1994.13 阈值=2000
[2026-03-29 18:42:01] ETH=$1994.13 未触发（需>2000）
[2026-03-29 18:44:01] ETH=$1994.69 阈值=2000
[2026-03-29 18:44:01] ETH=$1994.69 未触发（需>2000）
[2026-03-29 18:46:01] ETH=$1995.8 阈值=2000
[2026-03-29 18:46:01] ETH=$1995.8 未触发（需>2000）
[2026-03-29 18:48:02] ETH=$1995.72 阈值=2000
[2026-03-29 18:48:02] ETH=$1995.72 未触发（需>2000）
[2026-03-29 18:50:01] ETH=$1996.01 阈值=2000
[2026-03-29 18:50:01] ETH=$1996.01 未触发（需>2000）
[2026-03-29 18:52:01] ETH=$1996.8 阈值=2000
[2026-03-29 18:52:01] ETH=$1996.8 未触发（需>2000）
[2026-03-29 18:54:01] ETH=$1996.48 阈值=2000
[2026-03-29 18:54:01] ETH=$1996.48 未触发（需>2000）
[2026-03-29 18:56:01] ETH=$1995.95 阈值=2000
[2026-03-29 18:56:01] ETH=$1995.95 未触发（需>2000）
[2026-03-29 18:58:01] ETH=$1995.62 阈值=2000
[2026-03-29 18:58:01] ETH=$1995.62 未触发（需>2000）
[2026-03-29 19:00:01] ETH=$1995.01 阈值=2000
[2026-03-29 19:00:01] ETH=$1995.01 未触发（需>2000）
[2026-03-29 19:02:01] ETH=$1996.39 阈值=2000
[2026-03-29 19:02:01] ETH=$1996.39 未触发（需>2000）
[2026-03-29 19:04:01] ETH=$1997.52 阈值=2000
[2026-03-29 19:04:01] ETH=$1997.52 未触发（需>2000）
[2026-03-29 19:06:01] ETH=$2000.31 阈值=2000
[2026-03-29 19:06:02] ✅ 预警已发送：ETH=$2000.31
[2026-03-29 19:08:01] ETH=$2003.41 阈值=2000
[2026-03-29 19:08:01] 10分钟内已发预警，跳过
[2026-03-29 19:10:01] ETH=$2002.49 阈值=2000
[2026-03-29 19:10:01] 10分钟内已发预警，跳过
[2026-03-29 19:12:02] ETH=$2002.66 阈值=2000
[2026-03-29 19:12:02] 10分钟内已发预警，跳过
[2026-03-29 19:14:01] ETH=$2001.87 阈值=2000
[2026-03-29 19:14:01] 10分钟内已发预警，跳过
[2026-03-29 19:16:01] ETH=$2001.73 阈值=2000
[2026-03-29 19:16:01] 10分钟内已发预警，跳过
[2026-03-29 19:18:01] ETH=$2000.3 阈值=2000
[2026-03-29 19:18:01] ✅ 预警已发送：ETH=$2000.3
[2026-03-29 19:20:02] ETH=$2002.29 阈值=2000
[2026-03-29 19:20:02] 10分钟内已发预警，跳过
[2026-03-29 19:22:01] ETH=$2002.84 阈值=2000
[2026-03-29 19:22:01] 10分钟内已发预警，跳过
[2026-03-29 19:24:01] ETH=$2001.64 阈值=2000
[2026-03-29 19:24:01] 10分钟内已发预警，跳过
[2026-03-29 19:26:01] ETH=$2002.31 阈值=2000
[2026-03-29 19:26:01] 10分钟内已发预警，跳过
[2026-03-29 19:28:02] ETH=$2002.63 阈值=2000
[2026-03-29 19:28:02] ✅ 预警已发送：ETH=$2002.63
[2026-03-29 19:30:01] ETH=$2003.05 阈值=2000
[2026-03-29 19:30:01] 10分钟内已发预警，跳过
[2026-03-29 19:32:01] ETH=$2004.23 阈值=2000
[2026-03-29 19:32:01] 10分钟内已发预警，跳过
[2026-03-29 19:34:02] ETH=$2002.28 阈值=2000
[2026-03-29 19:34:02] 10分钟内已发预警，跳过
[2026-03-29 19:36:01] ETH=$2003.41 阈值=2000
[2026-03-29 19:36:01] 10分钟内已发预警，跳过
[2026-03-29 19:38:01] ETH=$2004.3 阈值=2000
[2026-03-29 19:38:01] 10分钟内已发预警，跳过
[2026-03-29 19:40:01] ETH=$2004.87 阈值=2000
[2026-03-29 19:40:02] ✅ 预警已发送：ETH=$2004.87
[2026-03-29 19:42:01] ETH=$2004.68 阈值=2000
[2026-03-29 19:42:01] 10分钟内已发预警，跳过
[2026-03-29 19:44:01] ETH=$2004.5 阈值=2000
[2026-03-29 19:44:01] 10分钟内已发预警，跳过
[2026-03-29 19:46:01] ETH=$2005.41 阈值=2000
[2026-03-29 19:46:01] 10分钟内已发预警，跳过
[2026-03-29 19:48:01] ETH=$2003.86 阈值=2000
[2026-03-29 19:48:02] 10分钟内已发预警，跳过
[2026-03-29 19:50:01] ETH=$2001.82 阈值=2000
[2026-03-29 19:50:01] 10分钟内已发预警，跳过
[2026-03-29 19:52:01] ETH=$2002.78 阈值=2000
[2026-03-29 19:52:02] ✅ 预警已发送：ETH=$2002.78
[2026-03-29 19:54:01] ETH=$2002.64 阈值=2000
[2026-03-29 19:54:01] 10分钟内已发预警，跳过
[2026-03-29 19:56:01] ETH=$2002.65 阈值=2000
[2026-03-29 19:56:01] 10分钟内已发预警，跳过
[2026-03-29 19:58:01] ETH=$2003.18 阈值=2000
[2026-03-29 19:58:01] 10分钟内已发预警，跳过
[2026-03-29 20:00:02] ETH=$2002.67 阈值=2000
[2026-03-29 20:00:02] 10分钟内已发预警，跳过
[2026-03-29 20:02:01] ETH=$2002.38 阈值=2000
[2026-03-29 20:02:01] 10分钟内已发预警，跳过
[2026-03-29 20:04:01] ETH=$2003.49 阈值=2000
[2026-03-29 20:04:01] ✅ 预警已发送：ETH=$2003.49
[2026-03-29 20:06:01] ETH=$2002.35 阈值=2000
[2026-03-29 20:06:01] 10分钟内已发预警，跳过
[2026-03-29 20:08:01] ETH=$2001.48 阈值=2000
[2026-03-29 20:08:01] 10分钟内已发预警，跳过
[2026-03-29 20:10:01] ETH=$2001.54 阈值=2000
[2026-03-29 20:10:01] 10分钟内已发预警，跳过
[2026-03-29 20:12:01] ETH=$2001.58 阈值=2000
[2026-03-29 20:12:01] 10分钟内已发预警，跳过
[2026-03-29 20:14:02] ETH=$2002.28 阈值=2000
[2026-03-29 20:14:02] ✅ 预警已发送：ETH=$2002.28
[2026-03-29 20:16:01] ETH=$2001.28 阈值=2000
[2026-03-29 20:16:01] 10分钟内已发预警，跳过
[2026-03-29 20:18:02] ETH=$2001.61 阈值=2000
[2026-03-29 20:18:02] 10分钟内已发预警，跳过
[2026-03-29 20:20:01] ETH=$2001.6 阈值=2000
[2026-03-29 20:20:01] 10分钟内已发预警，跳过
[2026-03-29 20:22:01] ETH=$2001.64 阈值=2000
[2026-03-29 20:22:01] 10分钟内已发预警，跳过
[2026-03-29 20:24:01] ETH=$2001.3 阈值=2000
[2026-03-29 20:24:01] 10分钟内已发预警，跳过
[2026-03-29 20:26:02] ETH=$2001.89 阈值=2000
[2026-03-29 20:26:02] ✅ 预警已发送：ETH=$2001.89
[2026-03-29 20:28:01] ETH=$2002.06 阈值=2000
[2026-03-29 20:28:01] 10分钟内已发预警，跳过
[2026-03-29 20:30:01] ETH=$2001.78 阈值=2000
[2026-03-29 20:30:01] 10分钟内已发预警，跳过
[2026-03-29 20:32:01] ETH=$2002.64 阈值=2000
[2026-03-29 20:32:01] 10分钟内已发预警，跳过
[2026-03-29 20:34:02] ETH=$1999.7 阈值=2000
[2026-03-29 20:34:02] ETH=$1999.7 未触发（需>2000）
[2026-03-29 20:36:01] ETH=$1998.52 阈值=2000
[2026-03-29 20:36:01] ETH=$1998.52 未触发（需>2000）
[2026-03-29 20:38:01] ETH=$1999.07 阈值=2000
[2026-03-29 20:38:01] ETH=$1999.07 未触发（需>2000）
[2026-03-29 20:40:01] ETH=$1998.96 阈值=2000
[2026-03-29 20:40:01] ETH=$1998.96 未触发（需>2000）
[2026-03-29 20:42:01] ETH=$1999.68 阈值=2000
[2026-03-29 20:42:01] ETH=$1999.68 未触发（需>2000）
[2026-03-29 20:44:02] ETH=$1999.04 阈值=2000
[2026-03-29 20:44:02] ETH=$1999.04 未触发（需>2000）
[2026-03-29 20:46:02] ETH=$1998.0 阈值=2000
[2026-03-29 20:46:02] ETH=$1998.0 未触发（需>2000）
[2026-03-29 20:48:01] ETH=$1999.47 阈值=2000
[2026-03-29 20:48:01] ETH=$1999.47 未触发（需>2000）
[2026-03-29 20:50:01] ETH=$2000.36 阈值=2000
[2026-03-29 20:50:01] ✅ 预警已发送：ETH=$2000.36
[2026-03-29 20:52:02] ETH=$2001.4 阈值=2000
[2026-03-29 20:52:02] 10分钟内已发预警，跳过
[2026-03-29 20:54:01] ETH=$2001.88 阈值=2000
[2026-03-29 20:54:01] 10分钟内已发预警，跳过
[2026-03-29 20:56:01] ETH=$2001.35 阈值=2000
[2026-03-29 20:56:01] 10分钟内已发预警，跳过
[2026-03-29 20:58:01] ETH=$2001.25 阈值=2000
[2026-03-29 20:58:01] 10分钟内已发预警，跳过
[2026-03-29 21:00:02] ETH=$2000.9 阈值=2000
[2026-03-29 21:00:02] ✅ 预警已发送：ETH=$2000.9
[2026-03-29 21:02:01] ETH=$2000.3 阈值=2000
[2026-03-29 21:02:01] 10分钟内已发预警，跳过
[2026-03-29 21:04:01] ETH=$1999.92 阈值=2000
[2026-03-29 21:04:01] ETH=$1999.92 未触发（需>2000）
[2026-03-29 21:06:01] ETH=$1998.84 阈值=2000
[2026-03-29 21:06:01] ETH=$1998.84 未触发（需>2000）
[2026-03-29 21:08:02] ETH=$1992.79 阈值=2000
[2026-03-29 21:08:02] ETH=$1992.79 未触发（需>2000）
[2026-03-29 21:10:01] ETH=$1984.8 阈值=2000
[2026-03-29 21:10:01] ETH=$1984.8 未触发（需>2000）
[2026-03-29 21:12:01] ETH=$1986.01 阈值=2000
[2026-03-29 21:12:01] ETH=$1986.01 未触发（需>2000）
[2026-03-29 21:14:01] ETH=$1988.39 阈值=2000
[2026-03-29 21:14:01] ETH=$1988.39 未触发（需>2000）
[2026-03-29 21:16:01] ETH=$1989.0 阈值=2000
[2026-03-29 21:16:01] ETH=$1989.0 未触发（需>2000）
[2026-03-29 21:18:02] ETH=$1989.05 阈值=2000
[2026-03-29 21:18:02] ETH=$1989.05 未触发（需>2000）
[2026-03-29 21:20:01] ETH=$1990.25 阈值=2000
[2026-03-29 21:20:01] ETH=$1990.25 未触发（需>2000）
[2026-03-29 21:22:01] ETH=$1991.77 阈值=2000
[2026-03-29 21:22:01] ETH=$1991.77 未触发（需>2000）
[2026-03-29 21:24:01] ETH=$1992.26 阈值=2000
[2026-03-29 21:24:01] ETH=$1992.26 未触发（需>2000）
[2026-03-29 21:26:01] ETH=$1991.14 阈值=2000
[2026-03-29 21:26:01] ETH=$1991.14 未触发（需>2000）
[2026-03-29 21:28:02] ETH=$1991.07 阈值=2000
[2026-03-29 21:28:02] ETH=$1991.07 未触发（需>2000）
[2026-03-29 21:30:01] ETH=$1990.44 阈值=2000
[2026-03-29 21:30:01] ETH=$1990.44 未触发（需>2000）
[2026-03-29 21:32:01] ETH=$1990.95 阈值=2000
[2026-03-29 21:32:01] ETH=$1990.95 未触发（需>2000）
[2026-03-29 21:34:01] ETH=$1991.76 阈值=2000
[2026-03-29 21:34:01] ETH=$1991.76 未触发（需>2000）
[2026-03-29 21:36:01] ETH=$1990.39 阈值=2000
[2026-03-29 21:36:01] ETH=$1990.39 未触发（需>2000）
[2026-03-29 21:38:02] ETH=$1990.61 阈值=2000
[2026-03-29 21:38:02] ETH=$1990.61 未触发（需>2000）
[2026-03-29 21:40:01] ETH=$1991.56 阈值=2000
[2026-03-29 21:40:01] ETH=$1991.56 未触发（需>2000）
[2026-03-29 21:42:01] ETH=$1990.73 阈值=2000
[2026-03-29 21:42:01] ETH=$1990.73 未触发（需>2000）
[2026-03-29 21:44:01] ETH=$1991.15 阈值=2000
[2026-03-29 21:44:01] ETH=$1991.15 未触发（需>2000）
[2026-03-29 21:46:02] ETH=$1990.29 阈值=2000
[2026-03-29 21:46:02] ETH=$1990.29 未触发（需>2000）
[2026-03-29 21:48:01] ETH=$1990.65 阈值=2000
[2026-03-29 21:48:01] ETH=$1990.65 未触发（需>2000）
[2026-03-29 21:50:01] ETH=$1990.44 阈值=2000
[2026-03-29 21:50:01] ETH=$1990.44 未触发（需>2000）
[2026-03-29 21:52:01] ETH=$1989.99 阈值=2000
[2026-03-29 21:52:01] ETH=$1989.99 未触发（需>2000）
[2026-03-29 21:54:01] ETH=$1989.44 阈值=2000
[2026-03-29 21:54:01] ETH=$1989.44 未触发（需>2000）
[2026-03-29 21:56:01] ETH=$1985.32 阈值=2000
[2026-03-29 21:56:01] ETH=$1985.32 未触发（需>2000）
[2026-03-29 21:58:01] ETH=$1986.37 阈值=2000
[2026-03-29 21:58:01] ETH=$1986.37 未触发（需>2000）
[2026-03-29 22:00:01] ETH=$1986.65 阈值=2000
[2026-03-29 22:00:01] ETH=$1986.65 未触发（需>2000）
[2026-03-29 22:02:01] ETH=$1987.24 阈值=2000
[2026-03-29 22:02:01] ETH=$1987.24 未触发（需>2000）
[2026-03-29 22:04:02] ETH=$1985.56 阈值=2000
[2026-03-29 22:04:02] ETH=$1985.56 未触发（需>2000）
[2026-03-29 22:06:01] ETH=$1985.99 阈值=2000
[2026-03-29 22:06:01] ETH=$1985.99 未触发（需>2000）
[2026-03-29 22:08:01] ETH=$1984.11 阈值=2000
[2026-03-29 22:08:01] ETH=$1984.11 未触发（需>2000）
[2026-03-29 22:10:01] ETH=$1985.08 阈值=2000
[2026-03-29 22:10:01] ETH=$1985.08 未触发（需>2000）
[2026-03-29 22:12:02] ETH=$1993.62 阈值=2000
[2026-03-29 22:12:02] ETH=$1993.62 未触发（需>2000）
[2026-03-29 22:14:01] ETH=$1995.55 阈值=2000
[2026-03-29 22:14:01] ETH=$1995.55 未触发（需>2000）
[2026-03-29 22:16:01] ETH=$1993.6 阈值=2000
[2026-03-29 22:16:01] ETH=$1993.6 未触发（需>2000）
[2026-03-29 22:18:01] ETH=$1993.44 阈值=2000
[2026-03-29 22:18:01] ETH=$1993.44 未触发（需>2000）
[2026-03-29 22:20:01] ETH=$1992.1 阈值=2000
[2026-03-29 22:20:01] ETH=$1992.1 未触发（需>2000）
[2026-03-29 22:22:02] ETH=$1991.72 阈值=2000
[2026-03-29 22:22:02] ETH=$1991.72 未触发（需>2000）
[2026-03-29 22:24:01] ETH=$1991.46 阈值=2000
[2026-03-29 22:24:01] ETH=$1991.46 未触发（需>2000）
[2026-03-29 22:26:01] ETH=$1991.3 阈值=2000
[2026-03-29 22:26:01] ETH=$1991.3 未触发（需>2000）
[2026-03-29 22:28:01] ETH=$1991.81 阈值=2000
[2026-03-29 22:28:01] ETH=$1991.81 未触发（需>2000）
[2026-03-29 22:30:02] ETH=$1991.01 阈值=2000
[2026-03-29 22:30:02] ETH=$1991.01 未触发（需>2000）
[2026-03-29 22:32:01] ETH=$1991.17 阈值=2000
[2026-03-29 22:32:01] ETH=$1991.17 未触发（需>2000）
[2026-03-29 22:34:01] ETH=$1992.96 阈值=2000
[2026-03-29 22:34:01] ETH=$1992.96 未触发（需>2000）
[2026-03-29 22:36:02] ETH=$1993.51 阈值=2000
[2026-03-29 22:36:02] ETH=$1993.51 未触发（需>2000）
[2026-03-29 22:38:01] ETH=$1993.74 阈值=2000
[2026-03-29 22:38:01] ETH=$1993.74 未触发（需>2000）
[2026-03-29 22:40:01] ETH=$1992.26 阈值=2000
[2026-03-29 22:40:01] ETH=$1992.26 未触发（需>2000）
[2026-03-29 22:42:01] ETH=$1991.9 阈值=2000
[2026-03-29 22:42:01] ETH=$1991.9 未触发（需>2000）
[2026-03-29 22:44:01] ETH=$1993.0 阈值=2000
[2026-03-29 22:44:01] ETH=$1993.0 未触发（需>2000）
[2026-03-29 22:46:01] ETH=$1990.64 阈值=2000
[2026-03-29 22:46:01] ETH=$1990.64 未触发（需>2000）
[2026-03-29 22:48:02] ETH=$1991.63 阈值=2000
[2026-03-29 22:48:02] ETH=$1991.63 未触发（需>2000）
[2026-03-29 22:50:01] ETH=$1992.84 阈值=2000
[2026-03-29 22:50:01] ETH=$1992.84 未触发（需>2000）
[2026-03-29 22:52:01] ETH=$1992.59 阈值=2000
[2026-03-29 22:52:01] ETH=$1992.59 未触发（需>2000）
[2026-03-29 22:54:01] ETH=$1991.49 阈值=2000
[2026-03-29 22:54:01] ETH=$1991.49 未触发（需>2000）
[2026-03-29 22:56:01] ETH=$1991.07 阈值=2000
[2026-03-29 22:56:01] ETH=$1991.07 未触发（需>2000）
[2026-03-29 22:58:02] ETH=$1992.56 阈值=2000
[2026-03-29 22:58:02] ETH=$1992.56 未触发（需>2000）
[2026-03-29 23:00:01] ETH=$1993.5 阈值=2000
[2026-03-29 23:00:01] ETH=$1993.5 未触发（需>2000）
[2026-03-29 23:02:01] ETH=$1995.13 阈值=2000
[2026-03-29 23:02:01] ETH=$1995.13 未触发（需>2000）
[2026-03-29 23:04:01] ETH=$1994.19 阈值=2000
[2026-03-29 23:04:01] ETH=$1994.19 未触发（需>2000）
[2026-03-29 23:06:01] ETH=$1993.89 阈值=2000
[2026-03-29 23:06:01] ETH=$1993.89 未触发（需>2000）
[2026-03-29 23:08:02] ETH=$1994.0 阈值=2000
[2026-03-29 23:08:02] ETH=$1994.0 未触发（需>2000）
[2026-03-29 23:10:01] ETH=$1994.21 阈值=2000
[2026-03-29 23:10:01] ETH=$1994.21 未触发（需>2000）
[2026-03-29 23:12:01] ETH=$1993.39 阈值=2000
[2026-03-29 23:12:01] ETH=$1993.39 未触发（需>2000）
[2026-03-29 23:14:01] ETH=$1989.7 阈值=2000
[2026-03-29 23:14:01] ETH=$1989.7 未触发（需>2000）
[2026-03-29 23:16:01] ETH=$1993.9 阈值=2000
[2026-03-29 23:16:01] ETH=$1993.9 未触发（需>2000）
[2026-03-29 23:18:02] ETH=$1994.48 阈值=2000
[2026-03-29 23:18:02] ETH=$1994.48 未触发（需>2000）
[2026-03-29 23:20:01] ETH=$1993.06 阈值=2000
[2026-03-29 23:20:01] ETH=$1993.06 未触发（需>2000）
[2026-03-29 23:22:01] ETH=$1992.03 阈值=2000
[2026-03-29 23:22:01] ETH=$1992.03 未触发（需>2000）
[2026-03-29 23:24:01] ETH=$1992.54 阈值=2000
[2026-03-29 23:24:01] ETH=$1992.54 未触发（需>2000）
[2026-03-29 23:26:02] ETH=$1988.44 阈值=2000
[2026-03-29 23:26:02] ETH=$1988.44 未触发（需>2000）
[2026-03-29 23:28:01] ETH=$1987.79 阈值=2000
[2026-03-29 23:28:01] ETH=$1987.79 未触发（需>2000）
[2026-03-29 23:30:01] ETH=$1988.92 阈值=2000
[2026-03-29 23:30:01] ETH=$1988.92 未触发（需>2000）
[2026-03-29 23:32:01] ETH=$1987.68 阈值=2000
[2026-03-29 23:32:01] ETH=$1987.68 未触发（需>2000）
[2026-03-29 23:34:01] ETH=$1989.05 阈值=2000
[2026-03-29 23:34:01] ETH=$1989.05 未触发（需>2000）
[2026-03-29 23:36:01] ETH=$1988.64 阈值=2000
[2026-03-29 23:36:01] ETH=$1988.64 未触发（需>2000）
[2026-03-29 23:38:02] ETH=$1987.13 阈值=2000
[2026-03-29 23:38:02] ETH=$1987.13 未触发（需>2000）
[2026-03-29 23:40:01] ETH=$1988.45 阈值=2000
[2026-03-29 23:40:01] ETH=$1988.45 未触发（需>2000）
[2026-03-29 23:42:01] ETH=$1989.61 阈值=2000
[2026-03-29 23:42:01] ETH=$1989.61 未触发（需>2000）
[2026-03-29 23:44:01] ETH=$1990.41 阈值=2000
[2026-03-29 23:44:01] ETH=$1990.41 未触发（需>2000）
[2026-03-29 23:46:01] ETH=$1990.33 阈值=2000
[2026-03-29 23:46:01] ETH=$1990.33 未触发（需>2000）
[2026-03-29 23:48:01] ETH=$1990.35 阈值=2000
[2026-03-29 23:48:01] ETH=$1990.35 未触发（需>2000）
[2026-03-29 23:50:02] ETH=$1989.8 阈值=2000
[2026-03-29 23:50:02] ETH=$1989.8 未触发（需>2000）
[2026-03-29 23:52:01] ETH=$1989.84 阈值=2000
[2026-03-29 23:52:01] ETH=$1989.84 未触发（需>2000）
[2026-03-29 23:54:01] ETH=$1992.68 阈值=2000
[2026-03-29 23:54:01] ETH=$1992.68 未触发（需>2000）
[2026-03-29 23:56:01] ETH=$1992.0 阈值=2000
[2026-03-29 23:56:01] ETH=$1992.0 未触发（需>2000）
[2026-03-29 23:58:01] ETH=$1991.5 阈值=2000
[2026-03-29 23:58:01] ETH=$1991.5 未触发（需>2000）
[2026-03-30 00:00:02] ETH=$1992.02 阈值=2000
[2026-03-30 00:00:02] ETH=$1992.02 未触发（需>2000）
[2026-03-30 00:02:01] ETH=$1992.09 阈值=2000
[2026-03-30 00:02:01] ETH=$1992.09 未触发（需>2000）
[2026-03-30 00:04:01] ETH=$1992.06 阈值=2000
[2026-03-30 00:04:01] ETH=$1992.06 未触发（需>2000）
[2026-03-30 00:06:01] ETH=$1991.61 阈值=2000
[2026-03-30 00:06:01] ETH=$1991.61 未触发（需>2000）
[2026-03-30 00:08:02] ETH=$1992.0 阈值=2000
[2026-03-30 00:08:02] ETH=$1992.0 未触发（需>2000）
[2026-03-30 00:10:01] ETH=$1992.99 阈值=2000
[2026-03-30 00:10:01] ETH=$1992.99 未触发（需>2000）
[2026-03-30 00:12:01] ETH=$1992.81 阈值=2000
[2026-03-30 00:12:01] ETH=$1992.81 未触发（需>2000）
[2026-03-30 00:14:01] ETH=$1992.5 阈值=2000
[2026-03-30 00:14:01] ETH=$1992.5 未触发（需>2000）
[2026-03-30 00:16:01] ETH=$1993.92 阈值=2000
[2026-03-30 00:16:01] ETH=$1993.92 未触发（需>2000）
[2026-03-30 00:18:01] ETH=$1996.01 阈值=2000
[2026-03-30 00:18:01] ETH=$1996.01 未触发（需>2000）
[2026-03-30 00:20:02] ETH=$2001.58 阈值=2000
[2026-03-30 00:20:02] ✅ 预警已发送：ETH=$2001.58
[2026-03-30 00:22:01] ETH=$2001.7 阈值=2000
[2026-03-30 00:22:02] 10分钟内已发预警，跳过
[2026-03-30 00:24:01] ETH=$1999.41 阈值=2000
[2026-03-30 00:24:01] ETH=$1999.41 未触发（需>2000）
[2026-03-30 00:26:01] ETH=$1999.9 阈值=2000
[2026-03-30 00:26:01] ETH=$1999.9 未触发（需>2000）
[2026-03-30 00:28:01] ETH=$1999.79 阈值=2000
[2026-03-30 00:28:01] ETH=$1999.79 未触发（需>2000）
[2026-03-30 00:30:02] ETH=$2000.04 阈值=2000
[2026-03-30 00:30:02] ✅ 预警已发送：ETH=$2000.04
[2026-03-30 00:32:01] ETH=$1999.49 阈值=2000
[2026-03-30 00:32:01] ETH=$1999.49 未触发（需>2000）
[2026-03-30 00:34:01] ETH=$1999.05 阈值=2000
[2026-03-30 00:34:01] ETH=$1999.05 未触发（需>2000）
[2026-03-30 00:36:01] ETH=$1998.55 阈值=2000
[2026-03-30 00:36:01] ETH=$1998.55 未触发（需>2000）
[2026-03-30 00:38:01] ETH=$1997.14 阈值=2000
[2026-03-30 00:38:01] ETH=$1997.14 未触发（需>2000）
[2026-03-30 00:40:02] ETH=$1997.76 阈值=2000
[2026-03-30 00:40:02] ETH=$1997.76 未触发（需>2000）
[2026-03-30 00:42:01] ETH=$1997.63 阈值=2000
[2026-03-30 00:42:01] ETH=$1997.63 未触发（需>2000）
[2026-03-30 00:44:01] ETH=$1996.4 阈值=2000
[2026-03-30 00:44:01] ETH=$1996.4 未触发（需>2000）
[2026-03-30 00:46:01] ETH=$1995.91 阈值=2000
[2026-03-30 00:46:01] ETH=$1995.91 未触发（需>2000）
[2026-03-30 00:48:01] ETH=$1996.29 阈值=2000
[2026-03-30 00:48:01] ETH=$1996.29 未触发（需>2000）
[2026-03-30 00:50:02] ETH=$1997.21 阈值=2000
[2026-03-30 00:50:02] ETH=$1997.21 未触发（需>2000）
[2026-03-30 00:52:01] ETH=$1997.19 阈值=2000
[2026-03-30 00:52:01] ETH=$1997.19 未触发（需>2000）
[2026-03-30 00:54:01] ETH=$1996.58 阈值=2000
[2026-03-30 00:54:01] ETH=$1996.58 未触发（需>2000）
[2026-03-30 00:56:01] ETH=$1997.2 阈值=2000
[2026-03-30 00:56:01] ETH=$1997.2 未触发（需>2000）
[2026-03-30 00:58:02] ETH=$1997.53 阈值=2000
[2026-03-30 00:58:02] ETH=$1997.53 未触发（需>2000）
[2026-03-30 01:00:01] ETH=$1996.78 阈值=2000
[2026-03-30 01:00:01] ETH=$1996.78 未触发（需>2000）
[2026-03-30 01:02:01] ETH=$1996.35 阈值=2000
[2026-03-30 01:02:01] ETH=$1996.35 未触发（需>2000）
[2026-03-30 01:04:01] ETH=$1995.8 阈值=2000
[2026-03-30 01:04:01] ETH=$1995.8 未触发（需>2000）
[2026-03-30 01:06:02] ETH=$1998.2 阈值=2000
[2026-03-30 01:06:02] ETH=$1998.2 未触发（需>2000）
