[2026-03-26 00:31:12] BTC: $71460.0 | 24h: 68868.1-71989.0 | 资金费率: 0.0033% | 账户: $1742.0139374771836
持仓: 0 个 | 可用: $1742.3972648754561
  >> 🔴【SHORT机会】BTC 逼近压力区 $71,400-$72,000，当前价 $71460.0，止损 $72,500，目标 $70,500

🦞 【OKX 双币种盯盘汇总】 2026-03-26 00:34:01 GMT+8

============================================================
币种       最新价          24h低         24h高         资金费率       状态
------------------------------------------------------------
BTC      $71,467.9    $68,868.1    $71,989.0    +0.0033%  
ETH      $2,178.36    $2,101.30    $2,199.00    +0.0017%  
------------------------------------------------------------
账户 USDT              $1,741.94   持仓数      0
============================================================

📡 【触发信号】
  >> 🔴 SHORT机会 | BTC $$71467.9 逼近压力区 (71400, 72000)
  >> 🟢 LONG机会 | ETH $$2178.36 回到支撑区 (2150, 2200)

💹 【现货 vs 合约溢价】
  BTC 现货 $71467.9 vs 合约 $71467.9 | 溢价 +0.00%
  ETH 现货 $2178.36 vs 合约 $2178.36 | 溢价 +0.00%

🦞 【OKX 双币种盯盘汇总】 2026-03-26 01:00:02 GMT+8

============================================================
币种       最新价          24h低         24h高         资金费率       状态
------------------------------------------------------------
BTC      $71,296.5    $68,868.1    $71,989.0    +0.0035%  📊 正常
ETH      $2,173.05    $2,101.30    $2,199.00    +0.0030%  
------------------------------------------------------------
账户 USDT              $1,742.00   持仓数      0
============================================================

📡 【触发信号】
  >> 🟢 LONG机会 | ETH $$2173.05 回到支撑区 (2150, 2200)

💹 【现货 vs 合约溢价】
  BTC 现货 $71296.5 vs 合约 $71296.5 | 溢价 +0.00%
  ETH 现货 $2173.05 vs 合约 $2173.05 | 溢价 +0.00%

🦞 【OKX 双币种盯盘汇总】 2026-03-26 01:30:02 GMT+8

============================================================
币种       最新价          24h低         24h高         资金费率       状态
------------------------------------------------------------
BTC      $71,016.7    $68,868.1    $71,989.0    +0.0039%  📊 正常
ETH      $2,166.77    $2,101.30    $2,199.00    +0.0045%  
------------------------------------------------------------
账户 USDT              $1,741.86   持仓数      0
============================================================

📡 【触发信号】
  >> 🟢 LONG机会 | ETH $$2166.77 回到支撑区 (2150, 2200)

💹 【现货 vs 合约溢价】
  BTC 现货 $71016.7 vs 合约 $71016.7 | 溢价 +0.00%
  ETH 现货 $2166.77 vs 合约 $2166.77 | 溢价 +0.00%

🦞 【OKX 双币种盯盘汇总】 2026-03-26 02:00:01 GMT+8

============================================================
币种       最新价          24h低         24h高         资金费率       状态
------------------------------------------------------------
BTC      $70,754.1    $69,119.3    $71,989.0    +0.0052%  📊 正常
ETH      $2,163.29    $2,103.96    $2,199.00    +0.0057%  
------------------------------------------------------------
账户 USDT              $1,741.79   持仓数      0
============================================================

📡 【触发信号】
  >> 🟢 LONG机会 | ETH $$2163.29 回到支撑区 (2150, 2200)

💹 【现货 vs 合约溢价】
  BTC 现货 $70754.1 vs 合约 $70754.1 | 溢价 +0.00%
  ETH 现货 $2163.29 vs 合约 $2163.29 | 溢价 +0.00%

🦞 【OKX 双币种盯盘汇总】 2026-03-26 02:30:01 GMT+8

============================================================
币种       最新价          24h低         24h高         资金费率       状态
------------------------------------------------------------
BTC      $70,955.0    $69,232.3    $71,989.0    +0.0057%  📊 正常
ETH      $2,169.01    $2,113.15    $2,199.00    +0.0067%  
------------------------------------------------------------
账户 USDT              $1,741.80   持仓数      0
============================================================

📡 【触发信号】
  >> 🟢 LONG机会 | ETH $$2169.01 回到支撑区 (2150, 2200)

💹 【现货 vs 合约溢价】
  BTC 现货 $70955.0 vs 合约 $70955.0 | 溢价 +0.00%
  ETH 现货 $2169.01 vs 合约 $2169.01 | 溢价 +0.00%

🦞 【OKX 双币种盯盘汇总】 2026-03-26 03:00:01 GMT+8

============================================================
币种       最新价          24h低         24h高         资金费率       状态
------------------------------------------------------------
BTC      $70,787.5    $69,232.3    $71,989.0    +0.0057%  📊 正常
ETH      $2,161.33    $2,113.15    $2,199.00    +0.0075%  
------------------------------------------------------------
账户 USDT              $1,741.72   持仓数      0
============================================================

📡 【触发信号】
  >> 🟢 LONG机会 | ETH $$2161.33 回到支撑区 (2150, 2200)

💹 【现货 vs 合约溢价】
  BTC 现货 $70787.5 vs 合约 $70787.5 | 溢价 +0.00%
  ETH 现货 $2161.33 vs 合约 $2161.33 | 溢价 +0.00%

🦞 【OKX 双币种盯盘汇总】 2026-03-26 03:30:01 GMT+8

============================================================
币种       最新价          24h低         24h高         资金费率       状态
------------------------------------------------------------
BTC      $70,931.9    $69,232.3    $71,989.0    +0.0063%  📊 正常
ETH      $2,169.98    $2,113.15    $2,199.00    +0.0078%  
------------------------------------------------------------
账户 USDT              $1,741.68   持仓数      0
============================================================

📡 【触发信号】
  >> 🟢 LONG机会 | ETH $$2169.98 回到支撑区 (2150, 2200)

💹 【现货 vs 合约溢价】
  BTC 现货 $70931.9 vs 合约 $70931.9 | 溢价 +0.00%
  ETH 现货 $2169.98 vs 合约 $2169.98 | 溢价 +0.00%

🦞 【OKX 双币种盯盘汇总】 2026-03-26 04:00:01 GMT+8

============================================================
币种       最新价          24h低         24h高         资金费率       状态
------------------------------------------------------------
BTC      $70,876.4    $69,251.8    $71,989.0    +0.0068%  📊 正常
ETH      $2,171.79    $2,114.74    $2,199.00    +0.0076%  
------------------------------------------------------------
账户 USDT              $1,741.75   持仓数      0
============================================================

📡 【触发信号】
  >> 🟢 LONG机会 | ETH $$2171.79 回到支撑区 (2150, 2200)

💹 【现货 vs 合约溢价】
  BTC 现货 $70876.4 vs 合约 $70876.4 | 溢价 +0.00%
  ETH 现货 $2171.79 vs 合约 $2171.79 | 溢价 +0.00%

🦞 【OKX 双币种盯盘汇总】 2026-03-26 04:30:01 GMT+8

============================================================
币种       最新价          24h低         24h高         资金费率       状态
------------------------------------------------------------
BTC      $70,685.4    $69,853.4    $71,989.0    +0.0067%  📊 正常
ETH      $2,160.21    $2,139.10    $2,199.00    +0.0072%  
------------------------------------------------------------
账户 USDT              $1,741.74   持仓数      0
============================================================

📡 【触发信号】
  >> 🟢 LONG机会 | ETH $$2160.21 回到支撑区 (2150, 2200)

💹 【现货 vs 合约溢价】
  BTC 现货 $70685.4 vs 合约 $70685.4 | 溢价 +0.00%
  ETH 现货 $2160.21 vs 合约 $2160.21 | 溢价 +0.00%

🦞 【OKX 双币种盯盘汇总】 2026-03-26 05:00:01 GMT+8

============================================================
币种       最新价          24h低         24h高         资金费率       状态
------------------------------------------------------------
BTC      $70,983.4    $69,864.1    $71,989.0    +0.0064%  📊 正常
ETH      $2,165.72    $2,139.10    $2,199.00    +0.0061%  
------------------------------------------------------------
账户 USDT              $1,741.74   持仓数      0
============================================================

📡 【触发信号】
  >> 🟢 LONG机会 | ETH $$2165.72 回到支撑区 (2150, 2200)

💹 【现货 vs 合约溢价】
  BTC 现货 $70983.4 vs 合约 $70983.4 | 溢价 +0.00%
  ETH 现货 $2165.72 vs 合约 $2165.72 | 溢价 +0.00%

🦞 【OKX 双币种盯盘汇总】 2026-03-26 05:30:01 GMT+8

============================================================
币种       最新价          24h低         24h高         资金费率       状态
------------------------------------------------------------
BTC      $70,949.3    $69,995.5    $71,989.0    +0.0063%  📊 正常
ETH      $2,163.00    $2,139.10    $2,199.00    +0.0052%  
------------------------------------------------------------
账户 USDT              $1,741.70   持仓数      0
============================================================

📡 【触发信号】
  >> 🟢 LONG机会 | ETH $$2163.0 回到支撑区 (2150, 2200)

💹 【现货 vs 合约溢价】
  BTC 现货 $70949.3 vs 合约 $70949.3 | 溢价 +0.00%
  ETH 现货 $2163.0 vs 合约 $2163.0 | 溢价 +0.00%

🦞 【OKX 双币种盯盘汇总】 2026-03-26 06:00:01 GMT+8

============================================================
币种       最新价          24h低         24h高         资金费率       状态
------------------------------------------------------------
BTC      $70,999.9    $70,081.0    $71,989.0    +0.0060%  📊 正常
ETH      $2,162.99    $2,139.10    $2,199.00    +0.0046%  
------------------------------------------------------------
账户 USDT              $1,741.72   持仓数      0
============================================================

📡 【触发信号】
  >> 🟢 LONG机会 | ETH $$2162.99 回到支撑区 (2150, 2200)

💹 【现货 vs 合约溢价】
  BTC 现货 $70999.9 vs 合约 $70999.9 | 溢价 +0.00%
  ETH 现货 $2162.99 vs 合约 $2162.99 | 溢价 +0.00%

🦞 【OKX 双币种盯盘汇总】 2026-03-26 06:30:01 GMT+8

============================================================
币种       最新价          24h低         24h高         资金费率       状态
------------------------------------------------------------
BTC      $71,005.5    $70,136.0    $71,989.0    +0.0059%  📊 正常
ETH      $2,163.06    $2,141.41    $2,199.00    +0.0043%  
------------------------------------------------------------
账户 USDT              $1,741.87   持仓数      0
============================================================

📡 【触发信号】
  >> 🟢 LONG机会 | ETH $$2163.06 回到支撑区 (2150, 2200)

💹 【现货 vs 合约溢价】
  BTC 现货 $71005.5 vs 合约 $71005.5 | 溢价 +0.00%
  ETH 现货 $2163.06 vs 合约 $2163.06 | 溢价 +0.00%

🦞 【OKX 双币种盯盘汇总】 2026-03-26 07:00:01 GMT+8

============================================================
币种       最新价          24h低         24h高         资金费率       状态
------------------------------------------------------------
BTC      $71,342.6    $70,230.0    $71,989.0    +0.0064%  📊 正常
ETH      $2,173.70    $2,143.17    $2,199.00    +0.0049%  
------------------------------------------------------------
账户 USDT              $1,741.75   持仓数      0
============================================================

📡 【触发信号】
  >> 🟢 LONG机会 | ETH $$2173.7 回到支撑区 (2150, 2200)

💹 【现货 vs 合约溢价】
  BTC 现货 $71342.6 vs 合约 $71342.6 | 溢价 +0.00%
  ETH 现货 $2173.7 vs 合约 $2173.7 | 溢价 +0.00%

🦞 【OKX 双币种盯盘汇总】 2026-03-26 07:30:01 GMT+8

============================================================
币种       最新价          24h低         24h高         资金费率       状态
------------------------------------------------------------
BTC      $71,336.4    $70,362.3    $71,989.0    +0.0069%  📊 正常
ETH      $2,172.42    $2,143.73    $2,199.00    +0.0054%  
------------------------------------------------------------
账户 USDT              $1,741.80   持仓数      0
============================================================

📡 【触发信号】
  >> 🟢 LONG机会 | ETH $$2172.42 回到支撑区 (2150, 2200)

💹 【现货 vs 合约溢价】
  BTC 现货 $71336.4 vs 合约 $71336.4 | 溢价 +0.00%
  ETH 现货 $2172.42 vs 合约 $2172.42 | 溢价 +0.00%
